Sun Aug 13 22:13:47 CEST 2017 get.pl is running.
Sun Aug 13 22:13:59 CEST 2017 get.pl is running.
Sun Aug 13 22:14:02 CEST 2017 get.pl is running.
Sun Aug 13 22:14:05 CEST 2017 get.pl is running.
Sun Aug 13 22:14:52 CEST 2017 get.pl is running.
Sun Aug 13 22:15:01 CEST 2017 get.pl is running.
Sun Aug 13 22:16:01 CEST 2017 get.pl is running.
Sun Aug 13 22:17:01 CEST 2017 get.pl is not running, restart it
Sun Aug 13 22:18:01 CEST 2017 get.pl is running.
Sun Aug 13 22:19:01 CEST 2017 get.pl is not running, restart it
Sun Aug 13 22:20:01 CEST 2017 get.pl is running.
Sun Aug 13 22:21:01 CEST 2017 get.pl is running.
Sun Aug 13 22:22:01 CEST 2017 get.pl is not running, restart it
Sun Aug 13 22:23:01 CEST 2017 get.pl is running.
Sun Aug 13 22:24:01 CEST 2017 get.pl is not running, restart it
Sun Aug 13 22:25:01 CEST 2017 get.pl is running.
Sun Aug 13 22:26:01 CEST 2017 get.pl is running.
Sun Aug 13 22:27:01 CEST 2017 get.pl is running.
Sun Aug 13 22:28:01 CEST 2017 get.pl is not running, restart it
Sun Aug 13 22:29:01 CEST 2017 get.pl is running.
Sun Aug 13 22:30:01 CEST 2017 get.pl is running.
Sun Aug 13 22:31:01 CEST 2017 get.pl is running.
Sun Aug 13 22:32:01 CEST 2017 get.pl is running.
Sun Aug 13 22:33:01 CEST 2017 get.pl is not running, restart it
Sun Aug 13 22:34:01 CEST 2017 get.pl is running.
Sun Aug 13 22:35:02 CEST 2017 get.pl is running.
Sun Aug 13 22:36:01 CEST 2017 get.pl is running.
Sun Aug 13 22:38:59 CEST 2017 get.pl is not running, restart it
Sun Aug 13 22:40:35 CEST 2017 get.pl is not running, restart it
Sun Aug 13 22:40:52 CEST 2017 get.pl is not running, restart it
Sun Aug 13 22:44:01 CEST 2017 get.pl is not running, restart it
Sun Aug 13 22:45:01 CEST 2017 get.pl is not running, restart it
Sun Aug 13 22:46:01 CEST 2017 get.pl is not running, restart it
Sun Aug 13 22:47:02 CEST 2017 get.pl is not running, restart it
Sun Aug 13 22:48:01 CEST 2017 get.pl is not running, restart it
Sun Aug 13 22:49:01 CEST 2017 get.pl is not running, restart it
Sun Aug 13 22:50:01 CEST 2017 get.pl is not running, restart it
Sun Aug 13 22:55:18 CEST 2017 get.pl is running.
Sun Aug 13 22:56:49 CEST 2017 get.pl is running.
Sun Aug 20 09:33:27 CEST 2017 get.pl is not running, restart it
Sun Aug 20 09:33:31 CEST 2017 get.pl is not running, restart it
Sun Aug 20 09:33:32 CEST 2017 get.pl is not running, restart it
Sun Aug 20 09:44:18 CEST 2017 get.pl is running.
Sun Aug 20 10:24:37 CEST 2017 get.pl is running.
Sun Aug 20 10:27:07 CEST 2017 get.pl is not running, restart it
Sun Aug 20 10:27:51 CEST 2017 get.pl is not running, restart it
Sun Aug 20 10:27:53 CEST 2017 get.pl is running.
Sun Aug 20 10:27:55 CEST 2017 get.pl is running.
Sun Aug 20 10:27:55 CEST 2017 get.pl is running.
Sun Aug 20 10:27:56 CEST 2017 get.pl is running.
Sun Aug 20 10:29:01 CEST 2017 get.pl is running.
Sun Aug 20 10:30:01 CEST 2017 get.pl is running.
Sun Aug 20 10:31:01 CEST 2017 get.pl is running.
Sun Aug 20 10:32:01 CEST 2017 get.pl is running.
Sun Aug 20 10:33:01 CEST 2017 get.pl is running.
Sun Aug 20 10:34:01 CEST 2017 get.pl is running.
Sun Aug 20 10:35:01 CEST 2017 get.pl is running.
Sun Aug 20 10:36:01 CEST 2017 get.pl is running.
Sun Aug 20 10:37:01 CEST 2017 get.pl is running.
Sun Aug 20 10:38:01 CEST 2017 get.pl is running.
Sun Aug 20 10:39:01 CEST 2017 get.pl is running.
Sun Aug 20 10:40:01 CEST 2017 get.pl is running.
Sun Aug 20 10:41:01 CEST 2017 get.pl is running.
Sun Aug 20 10:42:01 CEST 2017 get.pl is running.
Sun Aug 20 10:43:01 CEST 2017 get.pl is running.
Sun Aug 20 10:44:01 CEST 2017 get.pl is running.
Sun Aug 20 10:45:02 CEST 2017 get.pl is running.
Sun Aug 20 10:46:01 CEST 2017 get.pl is running.
Sun Aug 20 10:47:01 CEST 2017 get.pl is running.
Sun Aug 20 10:48:01 CEST 2017 get.pl is running.
Sun Aug 20 10:49:01 CEST 2017 get.pl is running.
Sun Aug 20 10:50:01 CEST 2017 get.pl is running.
Sun Aug 20 10:51:01 CEST 2017 get.pl is running.
Sun Aug 20 10:52:01 CEST 2017 get.pl is running.
Sun Aug 20 10:53:01 CEST 2017 get.pl is running.
Sun Aug 20 10:54:01 CEST 2017 get.pl is not running, restart it
Sun Aug 20 10:55:01 CEST 2017 get.pl is running.
Sun Aug 20 10:56:01 CEST 2017 get.pl is running.
Sun Aug 20 10:57:01 CEST 2017 get.pl is not running, restart it
Sun Aug 20 10:58:01 CEST 2017 get.pl is running.
Sun Aug 20 10:59:01 CEST 2017 get.pl is running.
Sun Aug 20 11:00:01 CEST 2017 get.pl is running.
Sun Aug 20 11:01:01 CEST 2017 get.pl is running.
Sun Aug 20 11:02:01 CEST 2017 get.pl is running.
Sun Aug 20 11:02:46 CEST 2017 get.pl is running.
Sun Aug 20 11:02:49 CEST 2017 get.pl is running.
Sun Aug 20 11:03:01 CEST 2017 get.pl is running.
Sun Aug 20 11:04:01 CEST 2017 get.pl is running.
Sun Aug 20 11:04:12 CEST 2017 get.pl is running:
sanyi    14073     1 37 10:57 ?        00:02:40 perl ./get.pl
Sun Aug 20 11:04:17 CEST 2017 get.pl is running:
sanyi    14073     1 37 10:57 ?        00:02:43 perl ./get.pl
Sun Aug 20 11:04:21 CEST 2017 get.pl is running:
sanyi    14073     1 37 10:57 ?        00:02:46 perl ./get.pl
Sun Aug 20 11:05:01 CEST 2017 get.pl is running:
sanyi    14073     1 40 10:57 ?        00:03:14 perl ./get.pl
Sun Aug 20 11:05:20 CEST 2017 get.pl is running:
UID        PID  PPID  C STIME TTY          TIME CMD
sanyi    14073     1 41 10:57 ?        00:03:27 perl ./get.pl
Sun Aug 20 11:06:01 CEST 2017 get.pl is running:
UID        PID  PPID  C STIME TTY          TIME CMD
sanyi    14073     1 38 10:57 ?        00:03:27 perl ./get.pl
Sun Aug 20 11:07:01 CEST 2017 get.pl is running:
UID        PID  PPID  C STIME TTY          TIME CMD
sanyi    14073     1 34 10:57 ?        00:03:27 perl ./get.pl
Sun Aug 20 11:08:01 CEST 2017 get.pl is running:
UID        PID  PPID  C STIME TTY          TIME CMD
sanyi    14073     1 31 10:57 ?        00:03:27 perl ./get.pl
Sun Aug 20 11:09:01 CEST 2017 get.pl is running:
UID        PID  PPID  C STIME TTY          TIME CMD
sanyi    14073     1 33 10:57 ?        00:03:57 perl ./get.pl
Sun Aug 20 11:10:01 CEST 2017 get.pl is running:
UID        PID  PPID  C STIME TTY          TIME CMD
sanyi    14073     1 36 10:57 ?        00:04:42 perl ./get.pl
Sun Aug 20 11:11:01 CEST 2017 get.pl is running:
UID        PID  PPID  C STIME TTY          TIME CMD
sanyi    14073     1 38 10:57 ?        00:05:21 perl ./get.pl
Sun Aug 20 11:12:01 CEST 2017 get.pl is running:
UID        PID  PPID  C STIME TTY          TIME CMD
sanyi    14073     1 40 10:57 ?        00:06:04 perl ./get.pl
Sun Aug 20 11:13:02 CEST 2017 get.pl is running:
UID        PID  PPID  C STIME TTY          TIME CMD
sanyi    14073     1 42 10:57 ?        00:06:45 perl ./get.pl
Sun Aug 20 11:14:01 CEST 2017 get.pl is running:
UID        PID  PPID  C STIME TTY          TIME CMD
sanyi    14073     1 41 10:57 ?        00:07:01 perl ./get.pl
Sun Aug 20 11:15:01 CEST 2017 get.pl is running:
UID        PID  PPID  C STIME TTY          TIME CMD
sanyi    14073     1 39 10:57 ?        00:07:01 perl ./get.pl
Sun Aug 20 11:16:01 CEST 2017 get.pl is running:
UID        PID  PPID  C STIME TTY          TIME CMD
sanyi    14073     1 36 10:57 ?        00:07:01 perl ./get.pl
Sun Aug 20 11:17:01 CEST 2017 get.pl is running:
UID        PID  PPID  C STIME TTY          TIME CMD
sanyi    14073     1 37 10:57 ?        00:07:32 perl ./get.pl
Sun Aug 20 11:18:01 CEST 2017 get.pl is running:
UID        PID  PPID  C STIME TTY          TIME CMD
sanyi    14073     1 39 10:57 ?        00:08:15 perl ./get.pl
Sun Aug 20 11:19:01 CEST 2017 get.pl is running:
UID        PID  PPID  C STIME TTY          TIME CMD
sanyi    14073     1 40 10:57 ?        00:08:58 perl ./get.pl
Sun Aug 20 11:20:01 CEST 2017 get.pl is running:
UID        PID  PPID  C STIME TTY          TIME CMD
sanyi    14073     1 42 10:57 ?        00:09:40 perl ./get.pl
Sun Aug 20 11:21:01 CEST 2017 get.pl is running:
UID        PID  PPID  C STIME TTY          TIME CMD
sanyi    14073     1 43 10:57 ?        00:10:19 perl ./get.pl
Sun Aug 20 11:22:01 CEST 2017 get.pl is running:
UID        PID  PPID  C STIME TTY          TIME CMD
sanyi    14073     1 42 10:57 ?        00:10:30 perl ./get.pl
Sun Aug 20 11:23:01 CEST 2017 get.pl is running:
UID        PID  PPID  C STIME TTY          TIME CMD
sanyi    14073     1 40 10:57 ?        00:10:30 perl ./get.pl
Sun Aug 20 11:24:01 CEST 2017 get.pl is running:
UID        PID  PPID  C STIME TTY          TIME CMD
sanyi    14073     1 38 10:57 ?        00:10:30 perl ./get.pl
Sun Aug 20 11:25:02 CEST 2017 get.pl is running:
UID        PID  PPID  C STIME TTY          TIME CMD
sanyi    14073     1 39 10:57 ?        00:11:02 perl ./get.pl
Sun Aug 20 11:26:01 CEST 2017 get.pl is running:
UID        PID  PPID  C STIME TTY          TIME CMD
sanyi    14073     1 40 10:57 ?        00:11:46 perl ./get.pl
Sun Aug 20 11:27:01 CEST 2017 get.pl is running:
UID        PID  PPID  C STIME TTY          TIME CMD
sanyi    14073     1 41 10:57 ?        00:12:25 perl ./get.pl
Sun Aug 20 11:28:01 CEST 2017 get.pl is running:
UID        PID  PPID  C STIME TTY          TIME CMD
sanyi    14073     1 42 10:57 ?        00:13:10 perl ./get.pl
Sun Aug 20 11:29:01 CEST 2017 get.pl is running:
UID        PID  PPID  C STIME TTY          TIME CMD
sanyi    14073     1 43 10:57 ?        00:13:51 perl ./get.pl
Sun Aug 20 11:30:01 CEST 2017 get.pl is running:
UID        PID  PPID  C STIME TTY          TIME CMD
sanyi    14073     1 42 10:57 ?        00:14:00 perl ./get.pl
Sun Aug 20 11:31:01 CEST 2017 get.pl is running:
UID        PID  PPID  C STIME TTY          TIME CMD
sanyi    14073     1 41 10:57 ?        00:14:00 perl ./get.pl
Sun Aug 20 11:32:01 CEST 2017 get.pl is running:
UID        PID  PPID  C STIME TTY          TIME CMD
sanyi    14073     1 40 10:57 ?        00:14:00 perl ./get.pl
Sun Aug 20 11:33:01 CEST 2017 get.pl is running:
UID        PID  PPID  C STIME TTY          TIME CMD
sanyi    14073     1 40 10:57 ?        00:14:33 perl ./get.pl
Sun Aug 20 11:34:01 CEST 2017 get.pl is running:
UID        PID  PPID  C STIME TTY          TIME CMD
sanyi    14073     1 41 10:57 ?        00:15:12 perl ./get.pl
Sun Aug 20 11:35:01 CEST 2017 get.pl is running:
UID        PID  PPID  C STIME TTY          TIME CMD
sanyi    14073     1 41 10:57 ?        00:15:54 perl ./get.pl
Sun Aug 20 11:36:01 CEST 2017 get.pl is running:
UID        PID  PPID  C STIME TTY          TIME CMD
sanyi    14073     1 42 10:57 ?        00:16:37 perl ./get.pl
Sun Aug 20 11:37:02 CEST 2017 get.pl is running:
UID        PID  PPID  C STIME TTY          TIME CMD
sanyi    14073     1 43 10:57 ?        00:17:20 perl ./get.pl
Sun Aug 20 11:38:01 CEST 2017 get.pl is running:
UID        PID  PPID  C STIME TTY          TIME CMD
sanyi    14073     1 42 10:57 ?        00:17:29 perl ./get.pl
Sun Aug 20 11:39:01 CEST 2017 get.pl is running:
UID        PID  PPID  C STIME TTY          TIME CMD
sanyi    14073     1 41 10:57 ?        00:17:29 perl ./get.pl
Sun Aug 20 11:40:01 CEST 2017 get.pl is running:
UID        PID  PPID  C STIME TTY          TIME CMD
sanyi    14073     1 40 10:57 ?        00:17:29 perl ./get.pl
Sun Aug 20 11:41:01 CEST 2017 get.pl is running:
UID        PID  PPID  C STIME TTY          TIME CMD
sanyi    14073     1 40 10:57 ?        00:18:01 perl ./get.pl
sanyi    15594  5199  3 11:40 pts/3    00:00:00 vim ./get.pl
Sun Aug 20 11:42:01 CEST 2017 get.pl is running:
UID        PID  PPID  C STIME TTY          TIME CMD
sanyi    14073     1 41 10:57 ?        00:18:43 perl ./get.pl
Sun Aug 20 11:43:01 CEST 2017 get.pl is running:
UID        PID  PPID  C STIME TTY          TIME CMD
sanyi    14073     1 42 10:57 ?        00:19:26 perl ./get.pl
Sun Aug 20 11:44:01 CEST 2017 get.pl is running:
UID        PID  PPID  C STIME TTY          TIME CMD
sanyi    14073     1 42 10:57 ?        00:20:10 perl ./get.pl
Sun Aug 20 11:45:01 CEST 2017 get.pl is running:
UID        PID  PPID  C STIME TTY          TIME CMD
sanyi    14073     1 43 10:57 ?        00:20:54 perl ./get.pl
Sun Aug 20 11:46:01 CEST 2017 get.pl is running:
UID        PID  PPID  C STIME TTY          TIME CMD
sanyi    14073     1 42 10:57 ?        00:21:00 perl ./get.pl
Sun Aug 20 11:47:01 CEST 2017 get.pl is running:
UID        PID  PPID  C STIME TTY          TIME CMD
sanyi    14073     1 42 10:57 ?        00:21:00 perl ./get.pl
Sun Aug 20 11:48:01 CEST 2017 get.pl is running:
UID        PID  PPID  C STIME TTY          TIME CMD
sanyi    14073     1 41 10:57 ?        00:21:00 perl ./get.pl
Sun Aug 20 11:49:01 CEST 2017 get.pl is running:
UID        PID  PPID  C STIME TTY          TIME CMD
sanyi    14073     1 41 10:57 ?        00:21:32 perl ./get.pl
Sun Aug 20 11:50:01 CEST 2017 get.pl is running:
UID        PID  PPID  C STIME TTY          TIME CMD
sanyi    14073     1 42 10:57 ?        00:22:15 perl ./get.pl
Sun Aug 20 11:51:01 CEST 2017 get.pl is running:
UID        PID  PPID  C STIME TTY          TIME CMD
sanyi    14073     1 42 10:57 ?        00:22:55 perl ./get.pl
Sun Aug 20 11:52:01 CEST 2017 get.pl is running:
UID        PID  PPID  C STIME TTY          TIME CMD
sanyi    14073     1 43 10:57 ?        00:23:39 perl ./get.pl
Sun Aug 20 11:53:01 CEST 2017 get.pl is running:
UID        PID  PPID  C STIME TTY          TIME CMD
sanyi    14073     1 43 10:57 ?        00:24:22 perl ./get.pl
Sun Aug 20 11:54:01 CEST 2017 get.pl is running:
UID        PID  PPID  C STIME TTY          TIME CMD
sanyi    14073     1 43 10:57 ?        00:24:31 perl ./get.pl
Sun Aug 20 11:55:01 CEST 2017 get.pl is running:
UID        PID  PPID  C STIME TTY          TIME CMD
sanyi    14073     1 42 10:57 ?        00:24:31 perl ./get.pl
Sun Aug 20 11:56:01 CEST 2017 get.pl is running:
UID        PID  PPID  C STIME TTY          TIME CMD
sanyi    14073     1 41 10:57 ?        00:24:31 perl ./get.pl
Sun Aug 20 11:57:01 CEST 2017 get.pl is running:
UID        PID  PPID  C STIME TTY          TIME CMD
sanyi    14073     1 41 10:57 ?        00:25:06 perl ./get.pl
Sun Aug 20 11:58:01 CEST 2017 get.pl is running:
UID        PID  PPID  C STIME TTY          TIME CMD
sanyi    14073     1 42 10:57 ?        00:25:48 perl ./get.pl
Sun Aug 20 11:59:01 CEST 2017 get.pl is running:
UID        PID  PPID  C STIME TTY          TIME CMD
sanyi    14073     1 42 10:57 ?        00:26:32 perl ./get.pl
Sun Aug 20 12:00:01 CEST 2017 get.pl is running:
UID        PID  PPID  C STIME TTY          TIME CMD
sanyi    14073     1 43 10:57 ?        00:27:13 perl ./get.pl
Sun Aug 20 12:01:01 CEST 2017 get.pl is running:
UID        PID  PPID  C STIME TTY          TIME CMD
sanyi    14073     1 43 10:57 ?        00:27:55 perl ./get.pl
Sun Aug 20 12:02:01 CEST 2017 get.pl is running:
UID        PID  PPID  C STIME TTY          TIME CMD
sanyi    14073     1 43 10:57 ?        00:28:04 perl ./get.pl
Sun Aug 20 12:03:01 CEST 2017 get.pl is running:
UID        PID  PPID  C STIME TTY          TIME CMD
sanyi    14073     1 42 10:57 ?        00:28:04 perl ./get.pl
Sun Aug 20 12:04:01 CEST 2017 get.pl is running:
UID        PID  PPID  C STIME TTY          TIME CMD
sanyi    14073     1 41 10:57 ?        00:28:04 perl ./get.pl
Sun Aug 20 12:05:01 CEST 2017 get.pl is running:
UID        PID  PPID  C STIME TTY          TIME CMD
sanyi    14073     1 42 10:57 ?        00:28:38 perl ./get.pl
Sun Aug 20 12:06:01 CEST 2017 get.pl is running:
UID        PID  PPID  C STIME TTY          TIME CMD
sanyi    14073     1 42 10:57 ?        00:29:19 perl ./get.pl
Sun Aug 20 12:07:01 CEST 2017 get.pl is running:
UID        PID  PPID  C STIME TTY          TIME CMD
sanyi    14073     1 42 10:57 ?        00:30:03 perl ./get.pl
Sun Aug 20 12:08:01 CEST 2017 get.pl is running:
UID        PID  PPID  C STIME TTY          TIME CMD
sanyi    14073     1 43 10:57 ?        00:30:47 perl ./get.pl
Sun Aug 20 12:09:01 CEST 2017 get.pl is running:
UID        PID  PPID  C STIME TTY          TIME CMD
sanyi    14073     1 43 10:57 ?        00:31:30 perl ./get.pl
Sun Aug 20 12:10:01 CEST 2017 get.pl is running:
UID        PID  PPID  C STIME TTY          TIME CMD
sanyi    14073     1 43 10:57 ?        00:31:39 perl ./get.pl
Sun Aug 20 12:11:01 CEST 2017 get.pl is running:
UID        PID  PPID  C STIME TTY          TIME CMD
sanyi    14073     1 42 10:57 ?        00:31:39 perl ./get.pl
Sun Aug 20 12:12:01 CEST 2017 get.pl is running:
UID        PID  PPID  C STIME TTY          TIME CMD
sanyi    14073     1 42 10:57 ?        00:31:39 perl ./get.pl
Sun Aug 20 12:13:01 CEST 2017 get.pl is running:
UID        PID  PPID  C STIME TTY          TIME CMD
sanyi    14073     1 42 10:57 ?        00:32:12 perl ./get.pl
Sun Aug 20 12:14:01 CEST 2017 get.pl is running:
UID        PID  PPID  C STIME TTY          TIME CMD
sanyi    14073     1 42 10:57 ?        00:32:54 perl ./get.pl
Sun Aug 20 12:15:01 CEST 2017 get.pl is running:
UID        PID  PPID  C STIME TTY          TIME CMD
sanyi    14073     1 43 10:57 ?        00:33:38 perl ./get.pl
Sun Aug 20 12:16:01 CEST 2017 get.pl is running:
UID        PID  PPID  C STIME TTY          TIME CMD
sanyi    14073     1 43 10:57 ?        00:34:22 perl ./get.pl
Sun Aug 20 12:17:01 CEST 2017 get.pl is running:
UID        PID  PPID  C STIME TTY          TIME CMD
sanyi    14073     1 43 10:57 ?        00:35:07 perl ./get.pl
Sun Aug 20 12:18:01 CEST 2017 get.pl is running:
UID        PID  PPID  C STIME TTY          TIME CMD
sanyi    14073     1 43 10:57 ?        00:35:09 perl ./get.pl
Sun Aug 20 12:19:01 CEST 2017 get.pl is running:
UID        PID  PPID  C STIME TTY          TIME CMD
sanyi    14073     1 42 10:57 ?        00:35:09 perl ./get.pl
Sun Aug 20 12:20:01 CEST 2017 get.pl is running:
UID        PID  PPID  C STIME TTY          TIME CMD
sanyi    14073     1 42 10:57 ?        00:35:09 perl ./get.pl
Sun Aug 20 12:21:01 CEST 2017 get.pl is running:
UID        PID  PPID  C STIME TTY          TIME CMD
sanyi    14073     1 42 10:57 ?        00:35:41 perl ./get.pl
Sun Aug 20 12:22:01 CEST 2017 get.pl is running:
UID        PID  PPID  C STIME TTY          TIME CMD
sanyi    14073     1 42 10:57 ?        00:36:25 perl ./get.pl
Sun Aug 20 12:23:01 CEST 2017 get.pl is running:
UID        PID  PPID  C STIME TTY          TIME CMD
sanyi    14073     1 43 10:57 ?        00:37:08 perl ./get.pl
Sun Aug 20 12:24:01 CEST 2017 get.pl is running:
UID        PID  PPID  C STIME TTY          TIME CMD
sanyi    14073     1 43 10:57 ?        00:37:50 perl ./get.pl
Sun Aug 20 12:25:01 CEST 2017 get.pl is running:
UID        PID  PPID  C STIME TTY          TIME CMD
sanyi    14073     1 43 10:57 ?        00:38:34 perl ./get.pl
Sun Aug 20 12:26:01 CEST 2017 get.pl is running:
UID        PID  PPID  C STIME TTY          TIME CMD
sanyi    14073     1 43 10:57 ?        00:38:41 perl ./get.pl
Sun Aug 20 12:27:01 CEST 2017 get.pl is running:
UID        PID  PPID  C STIME TTY          TIME CMD
sanyi    14073     1 42 10:57 ?        00:38:41 perl ./get.pl
Sun Aug 20 12:28:01 CEST 2017 get.pl is running:
UID        PID  PPID  C STIME TTY          TIME CMD
sanyi    14073     1 42 10:57 ?        00:38:41 perl ./get.pl
Sun Aug 20 12:29:01 CEST 2017 get.pl is running:
UID        PID  PPID  C STIME TTY          TIME CMD
sanyi    14073     1 42 10:57 ?        00:39:14 perl ./get.pl
Sun Aug 20 12:30:01 CEST 2017 get.pl is running:
UID        PID  PPID  C STIME TTY          TIME CMD
sanyi    14073     1 42 10:57 ?        00:39:54 perl ./get.pl
Sun Aug 20 12:31:01 CEST 2017 get.pl is running:
UID        PID  PPID  C STIME TTY          TIME CMD
sanyi    14073     1 43 10:57 ?        00:40:38 perl ./get.pl
Sun Aug 20 12:32:01 CEST 2017 get.pl is running:
UID        PID  PPID  C STIME TTY          TIME CMD
sanyi    14073     1 43 10:57 ?        00:41:22 perl ./get.pl
Sun Aug 20 12:33:01 CEST 2017 get.pl is running:
UID        PID  PPID  C STIME TTY          TIME CMD
sanyi    14073     1 43 10:57 ?        00:42:04 perl ./get.pl
Sun Aug 20 12:34:01 CEST 2017 get.pl is running:
UID        PID  PPID  C STIME TTY          TIME CMD
sanyi    14073     1 43 10:57 ?        00:42:12 perl ./get.pl
Sun Aug 20 12:35:01 CEST 2017 get.pl is running:
UID        PID  PPID  C STIME TTY          TIME CMD
sanyi    14073     1 43 10:57 ?        00:42:12 perl ./get.pl
Sun Aug 20 12:36:01 CEST 2017 get.pl is running:
UID        PID  PPID  C STIME TTY          TIME CMD
sanyi    14073     1 42 10:57 ?        00:42:12 perl ./get.pl
Sun Aug 20 12:37:01 CEST 2017 get.pl is running:
UID        PID  PPID  C STIME TTY          TIME CMD
sanyi    14073     1 42 10:57 ?        00:42:45 perl ./get.pl
Sun Aug 20 12:38:01 CEST 2017 get.pl is running:
UID        PID  PPID  C STIME TTY          TIME CMD
sanyi    14073     1 43 10:57 ?        00:43:28 perl ./get.pl
Sun Aug 20 12:39:01 CEST 2017 get.pl is running:
UID        PID  PPID  C STIME TTY          TIME CMD
sanyi    14073     1 43 10:57 ?        00:44:11 perl ./get.pl
Sun Aug 20 12:40:01 CEST 2017 get.pl is running:
UID        PID  PPID  C STIME TTY          TIME CMD
sanyi    14073     1 43 10:57 ?        00:44:56 perl ./get.pl
Sun Aug 20 12:41:01 CEST 2017 get.pl is running:
UID        PID  PPID  C STIME TTY          TIME CMD
sanyi    14073     1 43 10:57 ?        00:45:36 perl ./get.pl
Sun Aug 20 12:42:01 CEST 2017 get.pl is running:
UID        PID  PPID  C STIME TTY          TIME CMD
sanyi    14073     1 43 10:57 ?        00:45:43 perl ./get.pl
Sun Aug 20 12:43:01 CEST 2017 get.pl is running:
UID        PID  PPID  C STIME TTY          TIME CMD
sanyi    14073     1 43 10:57 ?        00:45:43 perl ./get.pl
Sun Aug 20 12:44:01 CEST 2017 get.pl is running:
UID        PID  PPID  C STIME TTY          TIME CMD
sanyi    14073     1 42 10:57 ?        00:45:43 perl ./get.pl
Sun Aug 20 12:45:01 CEST 2017 get.pl is running:
UID        PID  PPID  C STIME TTY          TIME CMD
sanyi    14073     1 42 10:57 ?        00:46:17 perl ./get.pl
Sun Aug 20 12:46:01 CEST 2017 get.pl is running:
UID        PID  PPID  C STIME TTY          TIME CMD
sanyi    14073     1 43 10:57 ?        00:47:00 perl ./get.pl
Sun Aug 20 12:47:01 CEST 2017 get.pl is running:
UID        PID  PPID  C STIME TTY          TIME CMD
sanyi    14073     1 43 10:57 ?        00:47:43 perl ./get.pl
Sun Aug 20 12:48:01 CEST 2017 get.pl is running:
UID        PID  PPID  C STIME TTY          TIME CMD
sanyi    14073     1 43 10:57 ?        00:48:28 perl ./get.pl
Sun Aug 20 12:49:01 CEST 2017 get.pl is running:
UID        PID  PPID  C STIME TTY          TIME CMD
sanyi    14073     1 43 10:57 ?        00:49:13 perl ./get.pl
Sun Aug 20 12:50:01 CEST 2017 get.pl is running:
UID        PID  PPID  C STIME TTY          TIME CMD
sanyi    14073     1 43 10:57 ?        00:49:18 perl ./get.pl
Sun Aug 20 12:51:01 CEST 2017 get.pl is running:
UID        PID  PPID  C STIME TTY          TIME CMD
sanyi    14073     1 43 10:57 ?        00:49:18 perl ./get.pl
Sun Aug 20 12:52:02 CEST 2017 get.pl is running:
UID        PID  PPID  C STIME TTY          TIME CMD
sanyi    14073     1 42 10:57 ?        00:49:18 perl ./get.pl
Sun Aug 20 12:53:01 CEST 2017 get.pl is running:
UID        PID  PPID  C STIME TTY          TIME CMD
sanyi    14073     1 43 10:57 ?        00:49:52 perl ./get.pl
Sun Aug 20 12:54:01 CEST 2017 get.pl is running:
UID        PID  PPID  C STIME TTY          TIME CMD
sanyi    14073     1 43 10:57 ?        00:50:34 perl ./get.pl
Sun Aug 20 12:55:01 CEST 2017 get.pl is running:
UID        PID  PPID  C STIME TTY          TIME CMD
sanyi    14073     1 43 10:57 ?        00:51:16 perl ./get.pl
Sun Aug 20 12:56:01 CEST 2017 get.pl is running:
UID        PID  PPID  C STIME TTY          TIME CMD
sanyi    14073     1 43 10:57 ?        00:52:01 perl ./get.pl
Sun Aug 20 12:57:02 CEST 2017 get.pl is running:
UID        PID  PPID  C STIME TTY          TIME CMD
sanyi    14073     1 43 10:57 ?        00:52:46 perl ./get.pl
Sun Aug 20 12:58:01 CEST 2017 get.pl is running:
UID        PID  PPID  C STIME TTY          TIME CMD
sanyi    14073     1 43 10:57 ?        00:52:56 perl ./get.pl
Sun Aug 20 12:59:01 CEST 2017 get.pl is running:
UID        PID  PPID  C STIME TTY          TIME CMD
sanyi    14073     1 43 10:57 ?        00:52:56 perl ./get.pl
Sun Aug 20 13:00:01 CEST 2017 get.pl is running:
UID        PID  PPID  C STIME TTY          TIME CMD
sanyi    14073     1 43 10:57 ?        00:52:56 perl ./get.pl
Sun Aug 20 13:01:01 CEST 2017 get.pl is running:
UID        PID  PPID  C STIME TTY          TIME CMD
sanyi    14073     1 43 10:57 ?        00:53:29 perl ./get.pl
Sun Aug 20 13:02:01 CEST 2017 get.pl is running:
UID        PID  PPID  C STIME TTY          TIME CMD
sanyi    14073     1 43 10:57 ?        00:54:10 perl ./get.pl
Sun Aug 20 13:03:02 CEST 2017 get.pl is running:
UID        PID  PPID  C STIME TTY          TIME CMD
sanyi    14073     1 43 10:57 ?        00:54:53 perl ./get.pl
Sun Aug 20 13:04:01 CEST 2017 get.pl is running:
UID        PID  PPID  C STIME TTY          TIME CMD
sanyi    14073     1 43 10:57 ?        00:55:36 perl ./get.pl
Sun Aug 20 13:05:01 CEST 2017 get.pl is running:
UID        PID  PPID  C STIME TTY          TIME CMD
sanyi    14073     1 44 10:57 ?        00:56:19 perl ./get.pl
Sun Aug 20 13:06:01 CEST 2017 get.pl is running:
UID        PID  PPID  C STIME TTY          TIME CMD
sanyi    14073     1 43 10:57 ?        00:56:32 perl ./get.pl
Sun Aug 20 13:07:01 CEST 2017 get.pl is running:
UID        PID  PPID  C STIME TTY          TIME CMD
sanyi    14073     1 43 10:57 ?        00:56:32 perl ./get.pl
Sun Aug 20 13:08:01 CEST 2017 get.pl is running:
UID        PID  PPID  C STIME TTY          TIME CMD
sanyi    14073     1 43 10:57 ?        00:56:32 perl ./get.pl
Sun Aug 20 13:09:02 CEST 2017 get.pl is running:
UID        PID  PPID  C STIME TTY          TIME CMD
sanyi    14073     1 43 10:57 ?        00:57:08 perl ./get.pl
Sun Aug 20 13:10:01 CEST 2017 get.pl is running:
UID        PID  PPID  C STIME TTY          TIME CMD
sanyi    14073     1 43 10:57 ?        00:57:49 perl ./get.pl
Sun Aug 20 13:11:01 CEST 2017 get.pl is running:
UID        PID  PPID  C STIME TTY          TIME CMD
sanyi    14073     1 43 10:57 ?        00:58:31 perl ./get.pl
Sun Aug 20 13:12:01 CEST 2017 get.pl is running:
UID        PID  PPID  C STIME TTY          TIME CMD
sanyi    14073     1 43 10:57 ?        00:59:15 perl ./get.pl
Sun Aug 20 13:13:01 CEST 2017 get.pl is running:
UID        PID  PPID  C STIME TTY          TIME CMD
sanyi    14073     1 44 10:57 ?        00:59:59 perl ./get.pl
Sun Aug 20 13:14:01 CEST 2017 get.pl is running:
UID        PID  PPID  C STIME TTY          TIME CMD
sanyi    14073     1 43 10:57 ?        01:00:07 perl ./get.pl
Sun Aug 20 13:15:01 CEST 2017 get.pl is running:
UID        PID  PPID  C STIME TTY          TIME CMD
sanyi    14073     1 43 10:57 ?        01:00:07 perl ./get.pl
Sun Aug 20 13:16:01 CEST 2017 get.pl is running:
UID        PID  PPID  C STIME TTY          TIME CMD
sanyi    14073     1 43 10:57 ?        01:00:07 perl ./get.pl
Sun Aug 20 13:17:01 CEST 2017 get.pl is running:
UID        PID  PPID  C STIME TTY          TIME CMD
sanyi    14073     1 43 10:57 ?        01:00:43 perl ./get.pl
Sun Aug 20 13:18:01 CEST 2017 get.pl is running:
UID        PID  PPID  C STIME TTY          TIME CMD
sanyi    14073     1 43 10:57 ?        01:01:24 perl ./get.pl
Sun Aug 20 13:19:01 CEST 2017 get.pl is running:
UID        PID  PPID  C STIME TTY          TIME CMD
sanyi    14073     1 43 10:57 ?        01:02:10 perl ./get.pl
Sun Aug 20 13:20:01 CEST 2017 get.pl is running:
UID        PID  PPID  C STIME TTY          TIME CMD
sanyi    14073     1 44 10:57 ?        01:02:54 perl ./get.pl
Sun Aug 20 13:21:01 CEST 2017 get.pl is running:
UID        PID  PPID  C STIME TTY          TIME CMD
sanyi    14073     1 44 10:57 ?        01:03:38 perl ./get.pl
Sun Aug 20 13:22:01 CEST 2017 get.pl is running:
UID        PID  PPID  C STIME TTY          TIME CMD
sanyi    14073     1 43 10:57 ?        01:03:43 perl ./get.pl
Sun Aug 20 13:23:01 CEST 2017 get.pl is running:
UID        PID  PPID  C STIME TTY          TIME CMD
sanyi    14073     1 43 10:57 ?        01:03:43 perl ./get.pl
Sun Aug 20 13:24:01 CEST 2017 get.pl is running:
UID        PID  PPID  C STIME TTY          TIME CMD
sanyi    14073     1 43 10:57 ?        01:03:43 perl ./get.pl
Sun Aug 20 13:25:01 CEST 2017 get.pl is running:
UID        PID  PPID  C STIME TTY          TIME CMD
sanyi    14073     1 43 10:57 ?        01:04:21 perl ./get.pl
Sun Aug 20 13:26:01 CEST 2017 get.pl is running:
UID        PID  PPID  C STIME TTY          TIME CMD
sanyi    14073     1 43 10:57 ?        01:05:02 perl ./get.pl
Sun Aug 20 13:27:01 CEST 2017 get.pl is running:
UID        PID  PPID  C STIME TTY          TIME CMD
sanyi    14073     1 43 10:57 ?        01:05:47 perl ./get.pl
Sun Aug 20 13:28:01 CEST 2017 get.pl is running:
UID        PID  PPID  C STIME TTY          TIME CMD
sanyi    14073     1 44 10:57 ?        01:06:29 perl ./get.pl
Sun Aug 20 13:29:01 CEST 2017 get.pl is running:
UID        PID  PPID  C STIME TTY          TIME CMD
sanyi    14073     1 44 10:57 ?        01:07:12 perl ./get.pl
Sun Aug 20 13:30:02 CEST 2017 get.pl is running:
UID        PID  PPID  C STIME TTY          TIME CMD
sanyi    14073     1 43 10:57 ?        01:07:18 perl ./get.pl
Sun Aug 20 13:31:01 CEST 2017 get.pl is running:
UID        PID  PPID  C STIME TTY          TIME CMD
sanyi    14073     1 43 10:57 ?        01:07:18 perl ./get.pl
Sun Aug 20 13:32:01 CEST 2017 get.pl is running:
UID        PID  PPID  C STIME TTY          TIME CMD
sanyi    14073     1 43 10:57 ?        01:07:18 perl ./get.pl
Sun Aug 20 13:33:01 CEST 2017 get.pl is running:
UID        PID  PPID  C STIME TTY          TIME CMD
sanyi    14073     1 43 10:57 ?        01:07:55 perl ./get.pl
Sun Aug 20 13:34:01 CEST 2017 get.pl is running:
UID        PID  PPID  C STIME TTY          TIME CMD
sanyi    14073     1 43 10:57 ?        01:08:38 perl ./get.pl
Sun Aug 20 13:35:01 CEST 2017 get.pl is running:
UID        PID  PPID  C STIME TTY          TIME CMD
sanyi    14073     1 43 10:57 ?        01:09:21 perl ./get.pl
Sun Aug 20 13:36:01 CEST 2017 get.pl is running:
UID        PID  PPID  C STIME TTY          TIME CMD
sanyi    14073     1 44 10:57 ?        01:10:04 perl ./get.pl
Sun Aug 20 13:37:01 CEST 2017 get.pl is running:
UID        PID  PPID  C STIME TTY          TIME CMD
sanyi    14073     1 44 10:57 ?        01:10:47 perl ./get.pl
Sun Aug 20 13:38:01 CEST 2017 get.pl is running:
UID        PID  PPID  C STIME TTY          TIME CMD
sanyi    14073     1 44 10:57 ?        01:10:53 perl ./get.pl
Sun Aug 20 13:39:01 CEST 2017 get.pl is running:
UID        PID  PPID  C STIME TTY          TIME CMD
sanyi    14073     1 43 10:57 ?        01:10:53 perl ./get.pl
Sun Aug 20 13:40:01 CEST 2017 get.pl is running:
UID        PID  PPID  C STIME TTY          TIME CMD
sanyi    14073     1 43 10:57 ?        01:10:53 perl ./get.pl
Sun Aug 20 13:41:01 CEST 2017 get.pl is running:
UID        PID  PPID  C STIME TTY          TIME CMD
sanyi    14073     1 43 10:57 ?        01:11:29 perl ./get.pl
Sun Aug 20 13:42:01 CEST 2017 get.pl is running:
UID        PID  PPID  C STIME TTY          TIME CMD
sanyi    14073     1 43 10:57 ?        01:12:12 perl ./get.pl
Sun Aug 20 13:43:01 CEST 2017 get.pl is running:
UID        PID  PPID  C STIME TTY          TIME CMD
sanyi    14073     1 43 10:57 ?        01:12:58 perl ./get.pl
Sun Aug 20 13:44:01 CEST 2017 get.pl is running:
UID        PID  PPID  C STIME TTY          TIME CMD
sanyi    14073     1 44 10:57 ?        01:13:42 perl ./get.pl
Sun Aug 20 13:45:01 CEST 2017 get.pl is running:
UID        PID  PPID  C STIME TTY          TIME CMD
sanyi    14073     1 44 10:57 ?        01:14:26 perl ./get.pl
Sun Aug 20 13:46:01 CEST 2017 get.pl is running:
UID        PID  PPID  C STIME TTY          TIME CMD
sanyi    14073     1 44 10:57 ?        01:14:27 perl ./get.pl
Sun Aug 20 13:47:01 CEST 2017 get.pl is running:
UID        PID  PPID  C STIME TTY          TIME CMD
sanyi    14073     1 43 10:57 ?        01:14:27 perl ./get.pl
Sun Aug 20 13:48:01 CEST 2017 get.pl is running:
UID        PID  PPID  C STIME TTY          TIME CMD
sanyi    14073     1 43 10:57 ?        01:14:27 perl ./get.pl
Sun Aug 20 13:49:01 CEST 2017 get.pl is running:
UID        PID  PPID  C STIME TTY          TIME CMD
sanyi    14073     1 43 10:57 ?        01:15:05 perl ./get.pl
Sun Aug 20 13:50:01 CEST 2017 get.pl is running:
UID        PID  PPID  C STIME TTY          TIME CMD
sanyi    14073     1 43 10:57 ?        01:15:47 perl ./get.pl
Sun Aug 20 13:51:01 CEST 2017 get.pl is running:
UID        PID  PPID  C STIME TTY          TIME CMD
sanyi    14073     1 43 10:57 ?        01:16:31 perl ./get.pl
Sun Aug 20 13:52:01 CEST 2017 get.pl is running:
UID        PID  PPID  C STIME TTY          TIME CMD
sanyi    14073     1 44 10:57 ?        01:17:14 perl ./get.pl
Sun Aug 20 13:53:01 CEST 2017 get.pl is running:
UID        PID  PPID  C STIME TTY          TIME CMD
sanyi    14073     1 44 10:57 ?        01:17:56 perl ./get.pl
Sun Aug 20 13:54:01 CEST 2017 get.pl is running:
UID        PID  PPID  C STIME TTY          TIME CMD
sanyi    14073     1 44 10:57 ?        01:17:59 perl ./get.pl
Sun Aug 20 13:55:01 CEST 2017 get.pl is running:
UID        PID  PPID  C STIME TTY          TIME CMD
sanyi    14073     1 43 10:57 ?        01:17:59 perl ./get.pl
Sun Aug 20 13:56:01 CEST 2017 get.pl is running:
UID        PID  PPID  C STIME TTY          TIME CMD
sanyi    14073     1 43 10:57 ?        01:17:59 perl ./get.pl
Sun Aug 20 13:57:01 CEST 2017 get.pl is running:
UID        PID  PPID  C STIME TTY          TIME CMD
sanyi    14073     1 43 10:57 ?        01:18:38 perl ./get.pl
Sun Aug 20 13:58:02 CEST 2017 get.pl is running:
UID        PID  PPID  C STIME TTY          TIME CMD
sanyi    14073     1 43 10:57 ?        01:19:21 perl ./get.pl
Sun Aug 20 13:59:01 CEST 2017 get.pl is running:
UID        PID  PPID  C STIME TTY          TIME CMD
sanyi    14073     1 43 10:57 ?        01:20:03 perl ./get.pl
Sun Aug 20 14:00:01 CEST 2017 get.pl is running:
UID        PID  PPID  C STIME TTY          TIME CMD
sanyi    14073     1 44 10:57 ?        01:20:48 perl ./get.pl
Sun Aug 20 14:01:01 CEST 2017 get.pl is running:
UID        PID  PPID  C STIME TTY          TIME CMD
sanyi    14073     1 44 10:57 ?        01:21:29 perl ./get.pl
Sun Aug 20 14:02:01 CEST 2017 get.pl is running:
UID        PID  PPID  C STIME TTY          TIME CMD
sanyi    14073     1 44 10:57 ?        01:21:36 perl ./get.pl
Sun Aug 20 14:03:02 CEST 2017 get.pl is running:
UID        PID  PPID  C STIME TTY          TIME CMD
sanyi    14073     1 43 10:57 ?        01:21:36 perl ./get.pl
Sun Aug 20 14:04:01 CEST 2017 get.pl is running:
UID        PID  PPID  C STIME TTY          TIME CMD
sanyi    14073     1 43 10:57 ?        01:21:36 perl ./get.pl
Sun Aug 20 14:05:01 CEST 2017 get.pl is running:
UID        PID  PPID  C STIME TTY          TIME CMD
sanyi    14073     1 43 10:57 ?        01:22:14 perl ./get.pl
Sun Aug 20 14:06:01 CEST 2017 get.pl is running:
UID        PID  PPID  C STIME TTY          TIME CMD
sanyi    14073     1 43 10:57 ?        01:22:53 perl ./get.pl
Sun Aug 20 14:07:01 CEST 2017 get.pl is running:
UID        PID  PPID  C STIME TTY          TIME CMD
sanyi    14073     1 43 10:57 ?        01:23:35 perl ./get.pl
Sun Aug 20 14:08:01 CEST 2017 get.pl is running:
UID        PID  PPID  C STIME TTY          TIME CMD
sanyi    14073     1 44 10:57 ?        01:24:20 perl ./get.pl
Sun Aug 20 14:09:01 CEST 2017 get.pl is running:
UID        PID  PPID  C STIME TTY          TIME CMD
sanyi    14073     1 44 10:57 ?        01:25:04 perl ./get.pl
Sun Aug 20 14:10:01 CEST 2017 get.pl is running:
UID        PID  PPID  C STIME TTY          TIME CMD
sanyi    14073     1 44 10:57 ?        01:25:10 perl ./get.pl
Sun Aug 20 14:11:01 CEST 2017 get.pl is running:
UID        PID  PPID  C STIME TTY          TIME CMD
sanyi    14073     1 43 10:57 ?        01:25:10 perl ./get.pl
Sun Aug 20 14:12:01 CEST 2017 get.pl is running:
UID        PID  PPID  C STIME TTY          TIME CMD
sanyi    14073     1 43 10:57 ?        01:25:10 perl ./get.pl
Sun Aug 20 14:13:01 CEST 2017 get.pl is running:
UID        PID  PPID  C STIME TTY          TIME CMD
sanyi    14073     1 43 10:57 ?        01:25:49 perl ./get.pl
Sun Aug 20 14:14:01 CEST 2017 get.pl is running:
UID        PID  PPID  C STIME TTY          TIME CMD
sanyi    14073     1 43 10:57 ?        01:26:31 perl ./get.pl
Sun Aug 20 14:15:01 CEST 2017 get.pl is running:
UID        PID  PPID  C STIME TTY          TIME CMD
sanyi    14073     1 44 10:57 ?        01:27:16 perl ./get.pl
Sun Aug 20 14:16:01 CEST 2017 get.pl is running:
UID        PID  PPID  C STIME TTY          TIME CMD
sanyi    14073     1 44 10:57 ?        01:27:53 perl ./get.pl
Sun Aug 20 14:17:01 CEST 2017 get.pl is running:
UID        PID  PPID  C STIME TTY          TIME CMD
sanyi    14073     1 44 10:57 ?        01:28:37 perl ./get.pl
Sun Aug 20 14:18:01 CEST 2017 get.pl is running:
UID        PID  PPID  C STIME TTY          TIME CMD
sanyi    14073     1 44 10:57 ?        01:28:44 perl ./get.pl
Sun Aug 20 14:19:01 CEST 2017 get.pl is running:
UID        PID  PPID  C STIME TTY          TIME CMD
sanyi    14073     1 43 10:57 ?        01:28:44 perl ./get.pl
Sun Aug 20 14:20:01 CEST 2017 get.pl is running:
UID        PID  PPID  C STIME TTY          TIME CMD
sanyi    14073     1 43 10:57 ?        01:28:44 perl ./get.pl
Sun Aug 20 14:21:01 CEST 2017 get.pl is running:
UID        PID  PPID  C STIME TTY          TIME CMD
sanyi    14073     1 43 10:57 ?        01:29:20 perl ./get.pl
Sun Aug 20 14:22:01 CEST 2017 get.pl is running:
UID        PID  PPID  C STIME TTY          TIME CMD
sanyi    14073     1 43 10:57 ?        01:30:03 perl ./get.pl
Sun Aug 20 14:23:01 CEST 2017 get.pl is running:
UID        PID  PPID  C STIME TTY          TIME CMD
sanyi    14073     1 44 10:57 ?        01:30:48 perl ./get.pl
Sun Aug 20 14:24:01 CEST 2017 get.pl is running:
UID        PID  PPID  C STIME TTY          TIME CMD
sanyi    14073     1 44 10:57 ?        01:31:32 perl ./get.pl
Sun Aug 20 14:25:01 CEST 2017 get.pl is running:
UID        PID  PPID  C STIME TTY          TIME CMD
sanyi    14073     1 44 10:57 ?        01:32:14 perl ./get.pl
Sun Aug 20 14:26:01 CEST 2017 get.pl is running:
UID        PID  PPID  C STIME TTY          TIME CMD
sanyi    14073     1 44 10:57 ?        01:32:21 perl ./get.pl
Sun Aug 20 14:27:01 CEST 2017 get.pl is running:
UID        PID  PPID  C STIME TTY          TIME CMD
sanyi    14073     1 43 10:57 ?        01:32:21 perl ./get.pl
Sun Aug 20 14:28:01 CEST 2017 get.pl is running:
UID        PID  PPID  C STIME TTY          TIME CMD
sanyi    14073     1 43 10:57 ?        01:32:21 perl ./get.pl
Sun Aug 20 14:29:01 CEST 2017 get.pl is running:
UID        PID  PPID  C STIME TTY          TIME CMD
sanyi    14073     1 43 10:57 ?        01:32:58 perl ./get.pl
Sun Aug 20 14:30:01 CEST 2017 get.pl is running:
UID        PID  PPID  C STIME TTY          TIME CMD
sanyi    14073     1 43 10:57 ?        01:33:37 perl ./get.pl
Sun Aug 20 14:31:01 CEST 2017 get.pl is running:
UID        PID  PPID  C STIME TTY          TIME CMD
sanyi    14073     1 44 10:57 ?        01:34:19 perl ./get.pl
Sun Aug 20 14:32:01 CEST 2017 get.pl is running:
UID        PID  PPID  C STIME TTY          TIME CMD
sanyi    14073     1 44 10:57 ?        01:35:02 perl ./get.pl
Sun Aug 20 14:33:01 CEST 2017 get.pl is running:
UID        PID  PPID  C STIME TTY          TIME CMD
sanyi    14073     1 44 10:57 ?        01:35:46 perl ./get.pl
Sun Aug 20 14:34:01 CEST 2017 get.pl is running:
UID        PID  PPID  C STIME TTY          TIME CMD
sanyi    14073     1 44 10:57 ?        01:36:04 perl ./get.pl
Sun Aug 20 14:35:01 CEST 2017 get.pl is running:
UID        PID  PPID  C STIME TTY          TIME CMD
sanyi    14073     1 44 10:57 ?        01:36:04 perl ./get.pl
Sun Aug 20 14:36:01 CEST 2017 get.pl is running:
UID        PID  PPID  C STIME TTY          TIME CMD
sanyi    14073     1 43 10:57 ?        01:36:04 perl ./get.pl
Sun Aug 20 14:37:01 CEST 2017 get.pl is running:
UID        PID  PPID  C STIME TTY          TIME CMD
sanyi    14073     1 43 10:57 ?        01:36:45 perl ./get.pl
Sun Aug 20 14:38:01 CEST 2017 get.pl is running:
UID        PID  PPID  C STIME TTY          TIME CMD
sanyi    14073     1 44 10:57 ?        01:37:27 perl ./get.pl
Sun Aug 20 14:39:01 CEST 2017 get.pl is running:
UID        PID  PPID  C STIME TTY          TIME CMD
sanyi    14073     1 44 10:57 ?        01:38:11 perl ./get.pl
Sun Aug 20 14:40:01 CEST 2017 get.pl is running:
UID        PID  PPID  C STIME TTY          TIME CMD
sanyi    14073     1 44 10:57 ?        01:38:54 perl ./get.pl
Sun Aug 20 14:41:01 CEST 2017 get.pl is running:
UID        PID  PPID  C STIME TTY          TIME CMD
sanyi    14073     1 44 10:57 ?        01:39:37 perl ./get.pl
Sun Aug 20 14:42:01 CEST 2017 get.pl is running:
UID        PID  PPID  C STIME TTY          TIME CMD
sanyi    14073     1 44 10:57 ?        01:39:38 perl ./get.pl
Sun Aug 20 14:43:01 CEST 2017 get.pl is running:
UID        PID  PPID  C STIME TTY          TIME CMD
sanyi    14073     1 44 10:57 ?        01:39:38 perl ./get.pl
Sun Aug 20 14:44:01 CEST 2017 get.pl is running:
UID        PID  PPID  C STIME TTY          TIME CMD
sanyi    14073     1 43 10:57 ?        01:39:38 perl ./get.pl
Sun Aug 20 14:45:01 CEST 2017 get.pl is running:
UID        PID  PPID  C STIME TTY          TIME CMD
sanyi    14073     1 43 10:57 ?        01:40:18 perl ./get.pl
Sun Aug 20 14:46:01 CEST 2017 get.pl is running:
UID        PID  PPID  C STIME TTY          TIME CMD
sanyi    14073     1 44 10:57 ?        01:41:00 perl ./get.pl
Sun Aug 20 14:47:01 CEST 2017 get.pl is running:
UID        PID  PPID  C STIME TTY          TIME CMD
sanyi    14073     1 44 10:57 ?        01:41:44 perl ./get.pl
Sun Aug 20 14:48:01 CEST 2017 get.pl is running:
UID        PID  PPID  C STIME TTY          TIME CMD
sanyi    14073     1 44 10:57 ?        01:42:27 perl ./get.pl
Sun Aug 20 14:49:01 CEST 2017 get.pl is running:
UID        PID  PPID  C STIME TTY          TIME CMD
sanyi    14073     1 44 10:57 ?        01:43:08 perl ./get.pl
Sun Aug 20 14:50:01 CEST 2017 get.pl is running:
UID        PID  PPID  C STIME TTY          TIME CMD
sanyi    14073     1 44 10:57 ?        01:43:08 perl ./get.pl
Sun Aug 20 14:51:01 CEST 2017 get.pl is running:
UID        PID  PPID  C STIME TTY          TIME CMD
sanyi    14073     1 44 10:57 ?        01:43:08 perl ./get.pl
Sun Aug 20 14:52:01 CEST 2017 get.pl is running:
UID        PID  PPID  C STIME TTY          TIME CMD
sanyi    14073     1 43 10:57 ?        01:43:08 perl ./get.pl
Sun Aug 20 14:53:01 CEST 2017 get.pl is running:
UID        PID  PPID  C STIME TTY          TIME CMD
sanyi    14073     1 43 10:57 ?        01:43:49 perl ./get.pl
Sun Aug 20 14:54:01 CEST 2017 get.pl is running:
UID        PID  PPID  C STIME TTY          TIME CMD
sanyi    14073     1 44 10:57 ?        01:44:31 perl ./get.pl
Sun Aug 20 14:55:01 CEST 2017 get.pl is running:
UID        PID  PPID  C STIME TTY          TIME CMD
sanyi    14073     1 44 10:57 ?        01:45:15 perl ./get.pl
Sun Aug 20 14:56:01 CEST 2017 get.pl is running:
UID        PID  PPID  C STIME TTY          TIME CMD
sanyi    14073     1 44 10:57 ?        01:45:55 perl ./get.pl
Sun Aug 20 14:57:01 CEST 2017 get.pl is running:
UID        PID  PPID  C STIME TTY          TIME CMD
sanyi    14073     1 44 10:57 ?        01:46:39 perl ./get.pl
Sun Aug 20 14:58:01 CEST 2017 get.pl is running:
UID        PID  PPID  C STIME TTY          TIME CMD
sanyi    14073     1 44 10:57 ?        01:46:41 perl ./get.pl
Sun Aug 20 14:59:01 CEST 2017 get.pl is running:
UID        PID  PPID  C STIME TTY          TIME CMD
sanyi    14073     1 44 10:57 ?        01:46:41 perl ./get.pl
Sun Aug 20 15:00:02 CEST 2017 get.pl is running:
UID        PID  PPID  C STIME TTY          TIME CMD
sanyi    14073     1 43 10:57 ?        01:46:41 perl ./get.pl
Sun Aug 20 15:01:01 CEST 2017 get.pl is running:
UID        PID  PPID  C STIME TTY          TIME CMD
sanyi    14073     1 43 10:57 ?        01:47:18 perl ./get.pl
Sun Aug 20 15:02:01 CEST 2017 get.pl is running:
UID        PID  PPID  C STIME TTY          TIME CMD
sanyi    14073     1 44 10:57 ?        01:47:57 perl ./get.pl
Sun Aug 20 15:03:01 CEST 2017 get.pl is running:
UID        PID  PPID  C STIME TTY          TIME CMD
sanyi    14073     1 44 10:57 ?        01:48:39 perl ./get.pl
Sun Aug 20 15:04:01 CEST 2017 get.pl is running:
UID        PID  PPID  C STIME TTY          TIME CMD
sanyi    14073     1 44 10:57 ?        01:49:23 perl ./get.pl
Sun Aug 20 15:05:02 CEST 2017 get.pl is running:
UID        PID  PPID  C STIME TTY          TIME CMD
sanyi    14073     1 44 10:57 ?        01:50:06 perl ./get.pl
Sun Aug 20 15:06:01 CEST 2017 get.pl is running:
UID        PID  PPID  C STIME TTY          TIME CMD
sanyi    14073     1 44 10:57 ?        01:50:12 perl ./get.pl
Sun Aug 20 15:07:01 CEST 2017 get.pl is running:
UID        PID  PPID  C STIME TTY          TIME CMD
sanyi    14073     1 44 10:57 ?        01:50:12 perl ./get.pl
Sun Aug 20 15:08:01 CEST 2017 get.pl is running:
UID        PID  PPID  C STIME TTY          TIME CMD
sanyi    14073     1 43 10:57 ?        01:50:12 perl ./get.pl
Sun Aug 20 15:09:01 CEST 2017 get.pl is running:
UID        PID  PPID  C STIME TTY          TIME CMD
sanyi    14073     1 44 10:57 ?        01:50:55 perl ./get.pl
Sun Aug 20 15:10:01 CEST 2017 get.pl is running:
UID        PID  PPID  C STIME TTY          TIME CMD
sanyi    14073     1 44 10:57 ?        01:51:39 perl ./get.pl
Sun Aug 20 15:11:01 CEST 2017 get.pl is running:
UID        PID  PPID  C STIME TTY          TIME CMD
sanyi    14073     1 44 10:57 ?        01:52:21 perl ./get.pl
Sun Aug 20 15:12:01 CEST 2017 get.pl is running:
UID        PID  PPID  C STIME TTY          TIME CMD
sanyi    14073     1 44 10:57 ?        01:53:05 perl ./get.pl
Sun Aug 20 15:13:01 CEST 2017 get.pl is running:
UID        PID  PPID  C STIME TTY          TIME CMD
sanyi    14073     1 44 10:57 ?        01:53:44 perl ./get.pl
Sun Aug 20 15:14:01 CEST 2017 get.pl is running:
UID        PID  PPID  C STIME TTY          TIME CMD
sanyi    14073     1 44 10:57 ?        01:53:44 perl ./get.pl
Sun Aug 20 15:15:01 CEST 2017 get.pl is running:
UID        PID  PPID  C STIME TTY          TIME CMD
sanyi    14073     1 44 10:57 ?        01:53:44 perl ./get.pl
Sun Aug 20 15:16:01 CEST 2017 get.pl is running:
UID        PID  PPID  C STIME TTY          TIME CMD
sanyi    14073     1 43 10:57 ?        01:53:44 perl ./get.pl
Sun Aug 20 15:17:01 CEST 2017 get.pl is running:
UID        PID  PPID  C STIME TTY          TIME CMD
sanyi    14073     1 44 10:57 ?        01:54:23 perl ./get.pl
Sun Aug 20 15:18:01 CEST 2017 get.pl is running:
UID        PID  PPID  C STIME TTY          TIME CMD
sanyi    14073     1 44 10:57 ?        01:55:05 perl ./get.pl
Sun Aug 20 15:19:01 CEST 2017 get.pl is running:
UID        PID  PPID  C STIME TTY          TIME CMD
sanyi    14073     1 44 10:57 ?        01:55:49 perl ./get.pl
sanyi    22313  5199  0 15:18 pts/3    00:00:00 vim get.pl
Sun Aug 20 15:20:01 CEST 2017 get.pl is running:
UID        PID  PPID  C STIME TTY          TIME CMD
sanyi    14073     1 44 10:57 ?        01:56:33 perl ./get.pl
sanyi    22313  5199  0 15:18 pts/3    00:00:00 vim get.pl
Sun Aug 20 15:21:01 CEST 2017 get.pl is running:
UID        PID  PPID  C STIME TTY          TIME CMD
sanyi    14073     1 44 10:57 ?        01:57:15 perl ./get.pl
sanyi    22313  5199  1 15:18 pts/3    00:00:01 vim get.pl
Sun Aug 20 15:22:01 CEST 2017 get.pl is running:
UID        PID  PPID  C STIME TTY          TIME CMD
sanyi    14073     1 44 10:57 ?        01:57:15 perl ./get.pl
Sun Aug 20 15:23:01 CEST 2017 get.pl is running:
UID        PID  PPID  C STIME TTY          TIME CMD
sanyi    14073     1 44 10:57 ?        01:57:15 perl ./get.pl
Sun Aug 20 15:24:01 CEST 2017 get.pl is running:
UID        PID  PPID  C STIME TTY          TIME CMD
sanyi    14073     1 43 10:57 ?        01:57:15 perl ./get.pl
sanyi    23121  5199  0 15:24 pts/3    00:00:00 vim get.pl
Sun Aug 20 15:25:01 CEST 2017 get.pl is running:
UID        PID  PPID  C STIME TTY          TIME CMD
sanyi    14073     1 43 10:57 ?        01:57:49 perl ./get.pl
sanyi    23121  5199 13 15:24 pts/3    00:00:08 vim get.pl
Sun Aug 20 15:26:01 CEST 2017 get.pl is running:
UID        PID  PPID  C STIME TTY          TIME CMD
sanyi    14073     1 44 10:57 ?        01:58:31 perl ./get.pl
sanyi    23121  5199  7 15:24 pts/3    00:00:08 vim get.pl
Sun Aug 20 15:27:01 CEST 2017 get.pl is running:
UID        PID  PPID  C STIME TTY          TIME CMD
sanyi    14073     1 44 10:57 ?        01:59:15 perl ./get.pl
sanyi    23121  5199  4 15:24 pts/3    00:00:08 vim get.pl
Sun Aug 20 15:28:01 CEST 2017 get.pl is running:
UID        PID  PPID  C STIME TTY          TIME CMD
sanyi    14073     1 44 10:57 ?        02:00:00 perl ./get.pl
sanyi    23121  5199  3 15:24 pts/3    00:00:09 vim get.pl
Sun Aug 20 15:29:01 CEST 2017 get.pl is running:
UID        PID  PPID  C STIME TTY          TIME CMD
sanyi    14073     1 44 10:57 ?        02:00:44 perl ./get.pl
sanyi    23121  5199  3 15:24 pts/3    00:00:09 vim get.pl
Sun Aug 20 15:30:01 CEST 2017 get.pl is running:
UID        PID  PPID  C STIME TTY          TIME CMD
sanyi    14073     1 44 10:57 ?        02:00:46 perl ./get.pl
sanyi    23121  5199  2 15:24 pts/3    00:00:09 vim get.pl
Sun Aug 20 15:31:01 CEST 2017 get.pl is running:
UID        PID  PPID  C STIME TTY          TIME CMD
sanyi    14073     1 44 10:57 ?        02:00:46 perl ./get.pl
sanyi    23121  5199  2 15:24 pts/3    00:00:10 vim get.pl
Sun Aug 20 15:32:01 CEST 2017 get.pl is running:
UID        PID  PPID  C STIME TTY          TIME CMD
sanyi    14073     1 43 10:57 ?        02:00:46 perl ./get.pl
sanyi    23121  5199  2 15:24 pts/3    00:00:10 vim get.pl
Sun Aug 20 15:33:01 CEST 2017 get.pl is running:
UID        PID  PPID  C STIME TTY          TIME CMD
sanyi    14073     1 44 10:57 ?        02:01:28 perl ./get.pl
sanyi    23121  5199  2 15:24 pts/3    00:00:10 vim get.pl
Sun Aug 20 15:34:01 CEST 2017 get.pl is running:
UID        PID  PPID  C STIME TTY          TIME CMD
sanyi    14073     1 44 10:57 ?        02:02:07 perl ./get.pl
sanyi    23121  5199  1 15:24 pts/3    00:00:11 vim get.pl
Sun Aug 20 15:35:01 CEST 2017 get.pl is running:
UID        PID  PPID  C STIME TTY          TIME CMD
sanyi    14073     1 44 10:57 ?        02:02:49 perl ./get.pl
sanyi    23121  5199  1 15:24 pts/3    00:00:12 vim get.pl
Sun Aug 20 15:36:01 CEST 2017 get.pl is running:
UID        PID  PPID  C STIME TTY          TIME CMD
sanyi    14073     1 44 10:57 ?        02:03:31 perl ./get.pl
Sun Aug 20 15:37:01 CEST 2017 get.pl is running:
UID        PID  PPID  C STIME TTY          TIME CMD
sanyi    14073     1 44 10:57 ?        02:04:14 perl ./get.pl
Sun Aug 20 15:38:01 CEST 2017 get.pl is running:
UID        PID  PPID  C STIME TTY          TIME CMD
sanyi    14073     1 44 10:57 ?        02:04:17 perl ./get.pl
Sun Aug 20 15:39:02 CEST 2017 get.pl is running:
UID        PID  PPID  C STIME TTY          TIME CMD
sanyi    14073     1 44 10:57 ?        02:04:17 perl ./get.pl
Sun Aug 20 15:40:01 CEST 2017 get.pl is running:
UID        PID  PPID  C STIME TTY          TIME CMD
sanyi    14073     1 43 10:57 ?        02:04:17 perl ./get.pl
Sun Aug 20 15:41:01 CEST 2017 get.pl is running:
UID        PID  PPID  C STIME TTY          TIME CMD
sanyi    14073     1 43 10:57 ?        02:04:56 perl ./get.pl
Sun Aug 20 15:42:01 CEST 2017 get.pl is running:
UID        PID  PPID  C STIME TTY          TIME CMD
sanyi    14073     1 44 10:57 ?        02:05:38 perl ./get.pl
Sun Aug 20 15:43:01 CEST 2017 get.pl is running:
UID        PID  PPID  C STIME TTY          TIME CMD
sanyi    14073     1 44 10:57 ?        02:06:22 perl ./get.pl
Sun Aug 20 15:44:01 CEST 2017 get.pl is running:
UID        PID  PPID  C STIME TTY          TIME CMD
sanyi    14073     1 44 10:57 ?        02:07:05 perl ./get.pl
Sun Aug 20 15:45:01 CEST 2017 get.pl is running:
UID        PID  PPID  C STIME TTY          TIME CMD
sanyi    14073     1 44 10:57 ?        02:07:45 perl ./get.pl
Sun Aug 20 15:46:01 CEST 2017 get.pl is running:
UID        PID  PPID  C STIME TTY          TIME CMD
sanyi    14073     1 44 10:57 ?        02:07:45 perl ./get.pl
Sun Aug 20 15:47:01 CEST 2017 get.pl is running:
UID        PID  PPID  C STIME TTY          TIME CMD
sanyi    14073     1 44 10:57 ?        02:07:45 perl ./get.pl
Sun Aug 20 15:48:01 CEST 2017 get.pl is running:
UID        PID  PPID  C STIME TTY          TIME CMD
sanyi    14073     1 43 10:57 ?        02:07:45 perl ./get.pl
Sun Aug 20 15:49:01 CEST 2017 get.pl is running:
UID        PID  PPID  C STIME TTY          TIME CMD
sanyi    14073     1 44 10:57 ?        02:08:31 perl ./get.pl
Sun Aug 20 15:50:01 CEST 2017 get.pl is not running, restart it
Sun Aug 20 15:51:01 CEST 2017 get.pl is running:
UID        PID  PPID  C STIME TTY          TIME CMD
sanyi    23920     1  1 15:50 ?        00:00:00 perl ./get.pl
Sun Aug 20 15:52:01 CEST 2017 get.pl is running:
UID        PID  PPID  C STIME TTY          TIME CMD
sanyi    23920     1  0 15:50 ?        00:00:00 perl ./get.pl
Sun Aug 20 15:53:01 CEST 2017 get.pl is running:
UID        PID  PPID  C STIME TTY          TIME CMD
sanyi    23920     1  1 15:50 ?        00:00:02 perl ./get.pl
Sun Aug 20 15:54:01 CEST 2017 get.pl is running:
UID        PID  PPID  C STIME TTY          TIME CMD
sanyi    23920     1 17 15:50 ?        00:00:42 perl ./get.pl
Sun Aug 20 15:55:01 CEST 2017 get.pl is running:
UID        PID  PPID  C STIME TTY          TIME CMD
sanyi    23920     1 28 15:50 ?        00:01:24 perl ./get.pl
Sun Aug 20 15:56:01 CEST 2017 get.pl is running:
UID        PID  PPID  C STIME TTY          TIME CMD
sanyi    23920     1 35 15:50 ?        00:02:06 perl ./get.pl
Sun Aug 20 15:57:01 CEST 2017 get.pl is running:
UID        PID  PPID  C STIME TTY          TIME CMD
sanyi    23920     1 40 15:50 ?        00:02:51 perl ./get.pl
Sun Aug 20 15:58:01 CEST 2017 get.pl is running:
UID        PID  PPID  C STIME TTY          TIME CMD
sanyi    23920     1 44 15:50 ?        00:03:34 perl ./get.pl
Sun Aug 20 15:59:01 CEST 2017 get.pl is running:
UID        PID  PPID  C STIME TTY          TIME CMD
sanyi    23920     1 39 15:50 ?        00:03:35 perl ./get.pl
Sun Aug 20 16:00:01 CEST 2017 get.pl is running:
UID        PID  PPID  C STIME TTY          TIME CMD
sanyi    23920     1 35 15:50 ?        00:03:35 perl ./get.pl
Sun Aug 20 16:01:01 CEST 2017 get.pl is running:
UID        PID  PPID  C STIME TTY          TIME CMD
sanyi    23920     1 32 15:50 ?        00:03:37 perl ./get.pl
Sun Aug 20 16:02:01 CEST 2017 get.pl is running:
UID        PID  PPID  C STIME TTY          TIME CMD
sanyi    23920     1 35 15:50 ?        00:04:17 perl ./get.pl
Sun Aug 20 16:03:01 CEST 2017 get.pl is running:
UID        PID  PPID  C STIME TTY          TIME CMD
sanyi    23920     1 38 15:50 ?        00:04:58 perl ./get.pl
Sun Aug 20 16:04:01 CEST 2017 get.pl is running:
UID        PID  PPID  C STIME TTY          TIME CMD
sanyi    23920     1 40 15:50 ?        00:05:43 perl ./get.pl
Sun Aug 20 16:05:01 CEST 2017 get.pl is running:
UID        PID  PPID  C STIME TTY          TIME CMD
sanyi    23920     1 42 15:50 ?        00:06:26 perl ./get.pl
Sun Aug 20 16:06:01 CEST 2017 get.pl is running:
UID        PID  PPID  C STIME TTY          TIME CMD
sanyi    23920     1 43 15:50 ?        00:07:01 perl ./get.pl
Sun Aug 20 16:07:01 CEST 2017 get.pl is running:
UID        PID  PPID  C STIME TTY          TIME CMD
sanyi    23920     1 41 15:50 ?        00:07:01 perl ./get.pl
Sun Aug 20 16:08:01 CEST 2017 get.pl is running:
UID        PID  PPID  C STIME TTY          TIME CMD
sanyi    23920     1 39 15:50 ?        00:07:01 perl ./get.pl
Sun Aug 20 16:09:01 CEST 2017 get.pl is running:
UID        PID  PPID  C STIME TTY          TIME CMD
sanyi    23920     1 37 15:50 ?        00:07:04 perl ./get.pl
Sun Aug 20 16:10:01 CEST 2017 get.pl is running:
UID        PID  PPID  C STIME TTY          TIME CMD
sanyi    23920     1 38 15:50 ?        00:07:46 perl ./get.pl
Sun Aug 20 16:11:01 CEST 2017 get.pl is running:
UID        PID  PPID  C STIME TTY          TIME CMD
sanyi    23920     1 40 15:50 ?        00:08:27 perl ./get.pl
Sun Aug 20 16:12:01 CEST 2017 get.pl is running:
UID        PID  PPID  C STIME TTY          TIME CMD
sanyi    23920     1 41 15:50 ?        00:09:10 perl ./get.pl
Sun Aug 20 16:13:01 CEST 2017 get.pl is running:
UID        PID  PPID  C STIME TTY          TIME CMD
sanyi    23920     1 42 15:50 ?        00:09:53 perl ./get.pl
Sun Aug 20 16:14:01 CEST 2017 get.pl is running:
UID        PID  PPID  C STIME TTY          TIME CMD
sanyi    23920     1 43 15:50 ?        00:10:25 perl ./get.pl
Sun Aug 20 16:15:01 CEST 2017 get.pl is running:
UID        PID  PPID  C STIME TTY          TIME CMD
sanyi    23920     1 41 15:50 ?        00:10:25 perl ./get.pl
Sun Aug 20 16:16:01 CEST 2017 get.pl is running:
UID        PID  PPID  C STIME TTY          TIME CMD
sanyi    23920     1 40 15:50 ?        00:10:25 perl ./get.pl
Sun Aug 20 16:17:01 CEST 2017 get.pl is running:
UID        PID  PPID  C STIME TTY          TIME CMD
sanyi    23920     1 38 15:50 ?        00:10:28 perl ./get.pl
Sun Aug 20 16:18:01 CEST 2017 get.pl is running:
UID        PID  PPID  C STIME TTY          TIME CMD
sanyi    23920     1 39 15:50 ?        00:11:11 perl ./get.pl
Sun Aug 20 16:19:01 CEST 2017 get.pl is running:
UID        PID  PPID  C STIME TTY          TIME CMD
sanyi    23920     1 41 15:50 ?        00:11:54 perl ./get.pl
Sun Aug 20 16:20:01 CEST 2017 get.pl is running:
UID        PID  PPID  C STIME TTY          TIME CMD
sanyi    23920     1 42 15:50 ?        00:12:38 perl ./get.pl
Sun Aug 20 16:21:02 CEST 2017 get.pl is running:
UID        PID  PPID  C STIME TTY          TIME CMD
sanyi    23920     1 43 15:50 ?        00:13:20 perl ./get.pl
Sun Aug 20 16:22:01 CEST 2017 get.pl is running:
UID        PID  PPID  C STIME TTY          TIME CMD
sanyi    23920     1 43 15:50 ?        00:14:02 perl ./get.pl
Sun Aug 20 16:23:01 CEST 2017 get.pl is running:
UID        PID  PPID  C STIME TTY          TIME CMD
sanyi    23920     1 42 15:50 ?        00:14:03 perl ./get.pl
Sun Aug 20 16:24:01 CEST 2017 get.pl is running:
UID        PID  PPID  C STIME TTY          TIME CMD
sanyi    23920     1 41 15:50 ?        00:14:03 perl ./get.pl
Sun Aug 20 16:25:01 CEST 2017 get.pl is running:
UID        PID  PPID  C STIME TTY          TIME CMD
sanyi    23920     1 40 15:50 ?        00:14:05 perl ./get.pl
Sun Aug 20 16:26:01 CEST 2017 get.pl is running:
UID        PID  PPID  C STIME TTY          TIME CMD
sanyi    23920     1 41 15:50 ?        00:14:47 perl ./get.pl
Sun Aug 20 16:27:01 CEST 2017 get.pl is running:
UID        PID  PPID  C STIME TTY          TIME CMD
sanyi    23920     1 41 15:50 ?        00:15:28 perl ./get.pl
Sun Aug 20 16:28:01 CEST 2017 get.pl is running:
UID        PID  PPID  C STIME TTY          TIME CMD
sanyi    23920     1 42 15:50 ?        00:16:11 perl ./get.pl
Sun Aug 20 16:29:01 CEST 2017 get.pl is running:
UID        PID  PPID  C STIME TTY          TIME CMD
sanyi    23920     1 43 15:50 ?        00:16:51 perl ./get.pl
Sun Aug 20 16:30:01 CEST 2017 get.pl is running:
UID        PID  PPID  C STIME TTY          TIME CMD
sanyi    23920     1 43 15:50 ?        00:17:33 perl ./get.pl
Sun Aug 20 16:31:01 CEST 2017 get.pl is running:
UID        PID  PPID  C STIME TTY          TIME CMD
sanyi    23920     1 42 15:50 ?        00:17:33 perl ./get.pl
Sun Aug 20 16:32:01 CEST 2017 get.pl is running:
UID        PID  PPID  C STIME TTY          TIME CMD
sanyi    23920     1 41 15:50 ?        00:17:33 perl ./get.pl
Sun Aug 20 16:33:02 CEST 2017 get.pl is running:
UID        PID  PPID  C STIME TTY          TIME CMD
sanyi    23920     1 40 15:50 ?        00:17:35 perl ./get.pl
Sun Aug 20 16:34:01 CEST 2017 get.pl is running:
UID        PID  PPID  C STIME TTY          TIME CMD
sanyi    23920     1 41 15:50 ?        00:18:13 perl ./get.pl
Sun Aug 20 16:35:01 CEST 2017 get.pl is running:
UID        PID  PPID  C STIME TTY          TIME CMD
sanyi    23920     1 42 15:50 ?        00:18:54 perl ./get.pl
Sun Aug 20 16:36:01 CEST 2017 get.pl is running:
UID        PID  PPID  C STIME TTY          TIME CMD
sanyi    23920     1 42 15:50 ?        00:19:36 perl ./get.pl
Sun Aug 20 16:37:01 CEST 2017 get.pl is running:
UID        PID  PPID  C STIME TTY          TIME CMD
sanyi    23920     1 43 15:50 ?        00:20:15 perl ./get.pl
Sun Aug 20 16:38:02 CEST 2017 get.pl is running:
UID        PID  PPID  C STIME TTY          TIME CMD
sanyi    23920     1 43 15:50 ?        00:20:58 perl ./get.pl
Sun Aug 20 16:39:01 CEST 2017 get.pl is running:
UID        PID  PPID  C STIME TTY          TIME CMD
sanyi    23920     1 42 15:50 ?        00:21:03 perl ./get.pl
Sun Aug 20 16:40:01 CEST 2017 get.pl is running:
UID        PID  PPID  C STIME TTY          TIME CMD
sanyi    23920     1 42 15:50 ?        00:21:03 perl ./get.pl
Sun Aug 20 16:41:01 CEST 2017 get.pl is running:
UID        PID  PPID  C STIME TTY          TIME CMD
sanyi    23920     1 41 15:50 ?        00:21:05 perl ./get.pl
Sun Aug 20 16:42:01 CEST 2017 get.pl is running:
UID        PID  PPID  C STIME TTY          TIME CMD
sanyi    23920     1 42 15:50 ?        00:21:51 perl ./get.pl
Sun Aug 20 16:43:01 CEST 2017 get.pl is running:
UID        PID  PPID  C STIME TTY          TIME CMD
sanyi    23920     1 42 15:50 ?        00:22:31 perl ./get.pl
Sun Aug 20 16:44:01 CEST 2017 get.pl is running:
UID        PID  PPID  C STIME TTY          TIME CMD
sanyi    23920     1 43 15:50 ?        00:23:13 perl ./get.pl
Sun Aug 20 16:45:01 CEST 2017 get.pl is running:
UID        PID  PPID  C STIME TTY          TIME CMD
sanyi    23920     1 43 15:50 ?        00:23:58 perl ./get.pl
Sun Aug 20 16:46:01 CEST 2017 get.pl is running:
UID        PID  PPID  C STIME TTY          TIME CMD
sanyi    23920     1 43 15:50 ?        00:24:31 perl ./get.pl
Sun Aug 20 16:47:01 CEST 2017 get.pl is running:
UID        PID  PPID  C STIME TTY          TIME CMD
sanyi    23920     1 43 15:50 ?        00:24:31 perl ./get.pl
Sun Aug 20 16:48:01 CEST 2017 get.pl is running:
UID        PID  PPID  C STIME TTY          TIME CMD
sanyi    23920     1 42 15:50 ?        00:24:31 perl ./get.pl
Sun Aug 20 16:49:01 CEST 2017 get.pl is running:
UID        PID  PPID  C STIME TTY          TIME CMD
sanyi    23920     1 41 15:50 ?        00:24:33 perl ./get.pl
Sun Aug 20 16:50:01 CEST 2017 get.pl is running:
UID        PID  PPID  C STIME TTY          TIME CMD
sanyi    23920     1 41 15:50 ?        00:25:09 perl ./get.pl
Sun Aug 20 16:51:01 CEST 2017 get.pl is running:
UID        PID  PPID  C STIME TTY          TIME CMD
sanyi    23920     1 42 15:50 ?        00:25:52 perl ./get.pl
Sun Aug 20 16:52:01 CEST 2017 get.pl is running:
UID        PID  PPID  C STIME TTY          TIME CMD
sanyi    23920     1 42 15:50 ?        00:26:37 perl ./get.pl
Sun Aug 20 16:53:01 CEST 2017 get.pl is running:
UID        PID  PPID  C STIME TTY          TIME CMD
sanyi    23920     1 43 15:50 ?        00:27:20 perl ./get.pl
Sun Aug 20 16:54:01 CEST 2017 get.pl is running:
UID        PID  PPID  C STIME TTY          TIME CMD
sanyi    23920     1 43 15:50 ?        00:27:59 perl ./get.pl
Sun Aug 20 16:55:01 CEST 2017 get.pl is running:
UID        PID  PPID  C STIME TTY          TIME CMD
sanyi    23920     1 43 15:50 ?        00:27:59 perl ./get.pl
Sun Aug 20 16:56:01 CEST 2017 get.pl is running:
UID        PID  PPID  C STIME TTY          TIME CMD
sanyi    23920     1 42 15:50 ?        00:27:59 perl ./get.pl
Sun Aug 20 16:57:01 CEST 2017 get.pl is running:
UID        PID  PPID  C STIME TTY          TIME CMD
sanyi    23920     1 41 15:50 ?        00:28:02 perl ./get.pl
Sun Aug 20 16:58:01 CEST 2017 get.pl is running:
UID        PID  PPID  C STIME TTY          TIME CMD
sanyi    23920     1 42 15:50 ?        00:28:48 perl ./get.pl
Sun Aug 20 16:59:01 CEST 2017 get.pl is running:
UID        PID  PPID  C STIME TTY          TIME CMD
sanyi    23920     1 42 15:50 ?        00:29:29 perl ./get.pl
Sun Aug 20 17:00:01 CEST 2017 get.pl is running:
UID        PID  PPID  C STIME TTY          TIME CMD
sanyi    23920     1 43 15:50 ?        00:30:10 perl ./get.pl
Sun Aug 20 17:01:01 CEST 2017 get.pl is running:
UID        PID  PPID  C STIME TTY          TIME CMD
sanyi    23920     1 43 15:50 ?        00:30:49 perl ./get.pl
Sun Aug 20 17:02:01 CEST 2017 get.pl is running:
UID        PID  PPID  C STIME TTY          TIME CMD
sanyi    23920     1 43 15:50 ?        00:31:27 perl ./get.pl
Sun Aug 20 17:03:01 CEST 2017 get.pl is running:
UID        PID  PPID  C STIME TTY          TIME CMD
sanyi    23920     1 43 15:50 ?        00:31:27 perl ./get.pl
Sun Aug 20 17:04:01 CEST 2017 get.pl is running:
UID        PID  PPID  C STIME TTY          TIME CMD
sanyi    23920     1 42 15:50 ?        00:31:27 perl ./get.pl
Sun Aug 20 17:05:01 CEST 2017 get.pl is running:
UID        PID  PPID  C STIME TTY          TIME CMD
sanyi    23920     1 42 15:50 ?        00:31:30 perl ./get.pl
Sun Aug 20 17:06:01 CEST 2017 get.pl is running:
UID        PID  PPID  C STIME TTY          TIME CMD
sanyi    23920     1 42 15:50 ?        00:32:16 perl ./get.pl
Sun Aug 20 17:07:01 CEST 2017 get.pl is running:
UID        PID  PPID  C STIME TTY          TIME CMD
sanyi    23920     1 42 15:50 ?        00:32:58 perl ./get.pl
Sun Aug 20 17:08:02 CEST 2017 get.pl is running:
UID        PID  PPID  C STIME TTY          TIME CMD
sanyi    23920     1 43 15:50 ?        00:33:42 perl ./get.pl
Sun Aug 20 17:09:01 CEST 2017 get.pl is running:
UID        PID  PPID  C STIME TTY          TIME CMD
sanyi    23920     1 43 15:50 ?        00:34:24 perl ./get.pl
Sun Aug 20 17:10:01 CEST 2017 get.pl is running:
UID        PID  PPID  C STIME TTY          TIME CMD
sanyi    23920     1 43 15:50 ?        00:34:55 perl ./get.pl
Sun Aug 20 17:11:01 CEST 2017 get.pl is running:
UID        PID  PPID  C STIME TTY          TIME CMD
sanyi    23920     1 43 15:50 ?        00:34:55 perl ./get.pl
Sun Aug 20 17:12:01 CEST 2017 get.pl is running:
UID        PID  PPID  C STIME TTY          TIME CMD
sanyi    23920     1 42 15:50 ?        00:34:55 perl ./get.pl
Sun Aug 20 17:13:01 CEST 2017 get.pl is running:
UID        PID  PPID  C STIME TTY          TIME CMD
sanyi    23920     1 42 15:50 ?        00:34:59 perl ./get.pl
Sun Aug 20 17:14:01 CEST 2017 get.pl is running:
UID        PID  PPID  C STIME TTY          TIME CMD
sanyi    23920     1 42 15:50 ?        00:35:42 perl ./get.pl
Sun Aug 20 17:15:01 CEST 2017 get.pl is running:
UID        PID  PPID  C STIME TTY          TIME CMD
sanyi    23920     1 42 15:50 ?        00:36:26 perl ./get.pl
Sun Aug 20 17:16:01 CEST 2017 get.pl is running:
UID        PID  PPID  C STIME TTY          TIME CMD
sanyi    23920     1 43 15:50 ?        00:37:09 perl ./get.pl
Sun Aug 20 17:17:01 CEST 2017 get.pl is running:
UID        PID  PPID  C STIME TTY          TIME CMD
sanyi    23920     1 43 15:50 ?        00:37:52 perl ./get.pl
Sun Aug 20 17:18:01 CEST 2017 get.pl is running:
UID        PID  PPID  C STIME TTY          TIME CMD
sanyi    23920     1 43 15:50 ?        00:38:25 perl ./get.pl
Sun Aug 20 17:19:02 CEST 2017 get.pl is running:
UID        PID  PPID  C STIME TTY          TIME CMD
sanyi    23920     1 43 15:50 ?        00:38:25 perl ./get.pl
Sun Aug 20 17:20:01 CEST 2017 get.pl is running:
UID        PID  PPID  C STIME TTY          TIME CMD
sanyi    23920     1 42 15:50 ?        00:38:25 perl ./get.pl
Sun Aug 20 17:21:01 CEST 2017 get.pl is running:
UID        PID  PPID  C STIME TTY          TIME CMD
sanyi    23920     1 42 15:50 ?        00:38:29 perl ./get.pl
Sun Aug 20 17:22:01 CEST 2017 get.pl is running:
UID        PID  PPID  C STIME TTY          TIME CMD
sanyi    23920     1 42 15:50 ?        00:39:14 perl ./get.pl
Sun Aug 20 17:23:01 CEST 2017 get.pl is running:
UID        PID  PPID  C STIME TTY          TIME CMD
sanyi    23920     1 42 15:50 ?        00:39:55 perl ./get.pl
Sun Aug 20 17:24:01 CEST 2017 get.pl is running:
UID        PID  PPID  C STIME TTY          TIME CMD
sanyi    23920     1 43 15:50 ?        00:40:37 perl ./get.pl
Sun Aug 20 17:25:01 CEST 2017 get.pl is running:
UID        PID  PPID  C STIME TTY          TIME CMD
sanyi    23920     1 43 15:50 ?        00:41:19 perl ./get.pl
Sun Aug 20 17:26:01 CEST 2017 get.pl is running:
UID        PID  PPID  C STIME TTY          TIME CMD
sanyi    23920     1 43 15:50 ?        00:42:01 perl ./get.pl
Sun Aug 20 17:27:01 CEST 2017 get.pl is running:
UID        PID  PPID  C STIME TTY          TIME CMD
sanyi    23920     1 43 15:50 ?        00:42:01 perl ./get.pl
Sun Aug 20 17:28:01 CEST 2017 get.pl is running:
UID        PID  PPID  C STIME TTY          TIME CMD
sanyi    23920     1 42 15:50 ?        00:42:01 perl ./get.pl
Sun Aug 20 17:29:01 CEST 2017 get.pl is running:
UID        PID  PPID  C STIME TTY          TIME CMD
sanyi    23920     1 42 15:50 ?        00:42:07 perl ./get.pl
Sun Aug 20 17:30:01 CEST 2017 get.pl is running:
UID        PID  PPID  C STIME TTY          TIME CMD
sanyi    23920     1 42 15:50 ?        00:42:53 perl ./get.pl
Sun Aug 20 17:31:02 CEST 2017 get.pl is running:
UID        PID  PPID  C STIME TTY          TIME CMD
sanyi    23920     1 43 15:50 ?        00:43:35 perl ./get.pl
Sun Aug 20 17:32:01 CEST 2017 get.pl is running:
UID        PID  PPID  C STIME TTY          TIME CMD
sanyi    23920     1 43 15:50 ?        00:44:16 perl ./get.pl
Sun Aug 20 17:33:01 CEST 2017 get.pl is running:
UID        PID  PPID  C STIME TTY          TIME CMD
sanyi    23920     1 43 15:50 ?        00:45:00 perl ./get.pl
Sun Aug 20 17:34:01 CEST 2017 get.pl is running:
UID        PID  PPID  C STIME TTY          TIME CMD
sanyi    23920     1 43 15:50 ?        00:45:33 perl ./get.pl
Sun Aug 20 17:35:01 CEST 2017 get.pl is running:
UID        PID  PPID  C STIME TTY          TIME CMD
sanyi    23920     1 43 15:50 ?        00:45:33 perl ./get.pl
Sun Aug 20 17:36:01 CEST 2017 get.pl is running:
UID        PID  PPID  C STIME TTY          TIME CMD
sanyi    23920     1 42 15:50 ?        00:45:33 perl ./get.pl
Sun Aug 20 17:37:02 CEST 2017 get.pl is running:
UID        PID  PPID  C STIME TTY          TIME CMD
sanyi    23920     1 42 15:50 ?        00:45:39 perl ./get.pl
Sun Aug 20 17:38:01 CEST 2017 get.pl is running:
UID        PID  PPID  C STIME TTY          TIME CMD
sanyi    23920     1 42 15:50 ?        00:46:24 perl ./get.pl
Sun Aug 20 17:39:01 CEST 2017 get.pl is running:
UID        PID  PPID  C STIME TTY          TIME CMD
sanyi    23920     1 43 15:50 ?        00:47:05 perl ./get.pl
Sun Aug 20 17:40:01 CEST 2017 get.pl is running:
UID        PID  PPID  C STIME TTY          TIME CMD
sanyi    23920     1 43 15:50 ?        00:47:48 perl ./get.pl
Sun Aug 20 17:41:01 CEST 2017 get.pl is running:
UID        PID  PPID  C STIME TTY          TIME CMD
sanyi    23920     1 43 15:50 ?        00:48:31 perl ./get.pl
Sun Aug 20 17:42:01 CEST 2017 get.pl is running:
UID        PID  PPID  C STIME TTY          TIME CMD
sanyi    23920     1 43 15:50 ?        00:49:08 perl ./get.pl
Sun Aug 20 17:43:01 CEST 2017 get.pl is running:
UID        PID  PPID  C STIME TTY          TIME CMD
sanyi    23920     1 43 15:50 ?        00:49:08 perl ./get.pl
Sun Aug 20 17:44:01 CEST 2017 get.pl is running:
UID        PID  PPID  C STIME TTY          TIME CMD
sanyi    23920     1 43 15:50 ?        00:49:08 perl ./get.pl
Sun Aug 20 17:45:01 CEST 2017 get.pl is running:
UID        PID  PPID  C STIME TTY          TIME CMD
sanyi    23920     1 42 15:50 ?        00:49:15 perl ./get.pl
Sun Aug 20 17:46:01 CEST 2017 get.pl is running:
UID        PID  PPID  C STIME TTY          TIME CMD
sanyi    23920     1 43 15:50 ?        00:49:58 perl ./get.pl
Sun Aug 20 17:47:01 CEST 2017 get.pl is running:
UID        PID  PPID  C STIME TTY          TIME CMD
sanyi    23920     1 43 15:50 ?        00:50:41 perl ./get.pl
Sun Aug 20 17:48:02 CEST 2017 get.pl is running:
UID        PID  PPID  C STIME TTY          TIME CMD
sanyi    23920     1 43 15:50 ?        00:51:27 perl ./get.pl
Sun Aug 20 17:49:01 CEST 2017 get.pl is running:
UID        PID  PPID  C STIME TTY          TIME CMD
sanyi    23920     1 43 15:50 ?        00:52:10 perl ./get.pl
Sun Aug 20 17:50:01 CEST 2017 get.pl is running:
UID        PID  PPID  C STIME TTY          TIME CMD
sanyi    23920     1 43 15:50 ?        00:52:39 perl ./get.pl
Sun Aug 20 17:51:01 CEST 2017 get.pl is running:
UID        PID  PPID  C STIME TTY          TIME CMD
sanyi    23920     1 43 15:50 ?        00:52:39 perl ./get.pl
Sun Aug 20 17:52:01 CEST 2017 get.pl is running:
UID        PID  PPID  C STIME TTY          TIME CMD
sanyi    23920     1 43 15:50 ?        00:52:39 perl ./get.pl
Sun Aug 20 17:53:01 CEST 2017 get.pl is running:
UID        PID  PPID  C STIME TTY          TIME CMD
sanyi    23920     1 42 15:50 ?        00:52:46 perl ./get.pl
Sun Aug 20 17:54:01 CEST 2017 get.pl is running:
UID        PID  PPID  C STIME TTY          TIME CMD
sanyi    23920     1 43 15:50 ?        00:53:29 perl ./get.pl
Sun Aug 20 17:55:02 CEST 2017 get.pl is running:
UID        PID  PPID  C STIME TTY          TIME CMD
sanyi    23920     1 43 15:50 ?        00:54:10 perl ./get.pl
Sun Aug 20 17:56:01 CEST 2017 get.pl is running:
UID        PID  PPID  C STIME TTY          TIME CMD
sanyi    23920     1 43 15:50 ?        00:54:52 perl ./get.pl
Sun Aug 20 17:57:01 CEST 2017 get.pl is running:
UID        PID  PPID  C STIME TTY          TIME CMD
sanyi    23920     1 43 15:50 ?        00:55:35 perl ./get.pl
Sun Aug 20 17:58:01 CEST 2017 get.pl is running:
UID        PID  PPID  C STIME TTY          TIME CMD
sanyi    23920     1 43 15:50 ?        00:56:11 perl ./get.pl
Sun Aug 20 17:59:01 CEST 2017 get.pl is running:
UID        PID  PPID  C STIME TTY          TIME CMD
sanyi    23920     1 43 15:50 ?        00:56:11 perl ./get.pl
Sun Aug 20 18:00:01 CEST 2017 get.pl is running:
UID        PID  PPID  C STIME TTY          TIME CMD
sanyi    23920     1 43 15:50 ?        00:56:11 perl ./get.pl
Sun Aug 20 18:01:01 CEST 2017 get.pl is running:
UID        PID  PPID  C STIME TTY          TIME CMD
sanyi    23920     1 42 15:50 ?        00:56:17 perl ./get.pl
Sun Aug 20 18:02:01 CEST 2017 get.pl is running:
UID        PID  PPID  C STIME TTY          TIME CMD
sanyi    23920     1 43 15:50 ?        00:56:59 perl ./get.pl
Sun Aug 20 18:03:01 CEST 2017 get.pl is running:
UID        PID  PPID  C STIME TTY          TIME CMD
sanyi    23920     1 43 15:50 ?        00:57:40 perl ./get.pl
Sun Aug 20 18:04:01 CEST 2017 get.pl is running:
UID        PID  PPID  C STIME TTY          TIME CMD
sanyi    23920     1 43 15:50 ?        00:58:25 perl ./get.pl
Sun Aug 20 18:05:01 CEST 2017 get.pl is running:
UID        PID  PPID  C STIME TTY          TIME CMD
sanyi    23920     1 43 15:50 ?        00:59:09 perl ./get.pl
Sun Aug 20 18:06:01 CEST 2017 get.pl is running:
UID        PID  PPID  C STIME TTY          TIME CMD
sanyi    23920     1 43 15:50 ?        00:59:42 perl ./get.pl
Sun Aug 20 18:07:01 CEST 2017 get.pl is running:
UID        PID  PPID  C STIME TTY          TIME CMD
sanyi    23920     1 43 15:50 ?        00:59:42 perl ./get.pl
Sun Aug 20 18:08:01 CEST 2017 get.pl is running:
UID        PID  PPID  C STIME TTY          TIME CMD
sanyi    23920     1 43 15:50 ?        00:59:42 perl ./get.pl
Sun Aug 20 18:09:01 CEST 2017 get.pl is running:
UID        PID  PPID  C STIME TTY          TIME CMD
sanyi    23920     1 43 15:50 ?        00:59:48 perl ./get.pl
Sun Aug 20 18:10:01 CEST 2017 get.pl is running:
UID        PID  PPID  C STIME TTY          TIME CMD
sanyi    23920     1 43 15:50 ?        01:00:34 perl ./get.pl
Sun Aug 20 18:11:01 CEST 2017 get.pl is running:
UID        PID  PPID  C STIME TTY          TIME CMD
sanyi    23920     1 43 15:50 ?        01:01:16 perl ./get.pl
Sun Aug 20 18:12:01 CEST 2017 get.pl is running:
UID        PID  PPID  C STIME TTY          TIME CMD
sanyi    23920     1 43 15:50 ?        01:02:03 perl ./get.pl
Sun Aug 20 18:13:01 CEST 2017 get.pl is running:
UID        PID  PPID  C STIME TTY          TIME CMD
sanyi    23920     1 43 15:50 ?        01:02:46 perl ./get.pl
Sun Aug 20 18:14:01 CEST 2017 get.pl is running:
UID        PID  PPID  C STIME TTY          TIME CMD
sanyi    23920     1 43 15:50 ?        01:03:17 perl ./get.pl
Sun Aug 20 18:15:01 CEST 2017 get.pl is running:
UID        PID  PPID  C STIME TTY          TIME CMD
sanyi    23920     1 43 15:50 ?        01:03:17 perl ./get.pl
Sun Aug 20 18:16:01 CEST 2017 get.pl is running:
UID        PID  PPID  C STIME TTY          TIME CMD
sanyi    23920     1 43 15:50 ?        01:03:17 perl ./get.pl
Sun Aug 20 18:17:01 CEST 2017 get.pl is running:
UID        PID  PPID  C STIME TTY          TIME CMD
sanyi    23920     1 43 15:50 ?        01:03:25 perl ./get.pl
Sun Aug 20 18:18:01 CEST 2017 get.pl is running:
UID        PID  PPID  C STIME TTY          TIME CMD
sanyi    23920     1 43 15:50 ?        01:04:12 perl ./get.pl
Sun Aug 20 18:19:02 CEST 2017 get.pl is running:
UID        PID  PPID  C STIME TTY          TIME CMD
sanyi    23920     1 43 15:50 ?        01:04:55 perl ./get.pl
Sun Aug 20 18:20:01 CEST 2017 get.pl is running:
UID        PID  PPID  C STIME TTY          TIME CMD
sanyi    23920     1 43 15:50 ?        01:05:40 perl ./get.pl
Sun Aug 20 18:21:01 CEST 2017 get.pl is running:
UID        PID  PPID  C STIME TTY          TIME CMD
sanyi    23920     1 43 15:50 ?        01:06:23 perl ./get.pl
Sun Aug 20 18:22:01 CEST 2017 get.pl is running:
UID        PID  PPID  C STIME TTY          TIME CMD
sanyi    23920     1 43 15:50 ?        01:06:48 perl ./get.pl
Sun Aug 20 18:23:01 CEST 2017 get.pl is running:
UID        PID  PPID  C STIME TTY          TIME CMD
sanyi    23920     1 43 15:50 ?        01:06:48 perl ./get.pl
Sun Aug 20 18:24:01 CEST 2017 get.pl is running:
UID        PID  PPID  C STIME TTY          TIME CMD
sanyi    23920     1 43 15:50 ?        01:06:48 perl ./get.pl
Sun Aug 20 18:25:01 CEST 2017 get.pl is running:
UID        PID  PPID  C STIME TTY          TIME CMD
sanyi    23920     1 43 15:50 ?        01:06:56 perl ./get.pl
Sun Aug 20 18:26:01 CEST 2017 get.pl is running:
UID        PID  PPID  C STIME TTY          TIME CMD
sanyi    23920     1 43 15:50 ?        01:07:38 perl ./get.pl
Sun Aug 20 18:27:01 CEST 2017 get.pl is running:
UID        PID  PPID  C STIME TTY          TIME CMD
sanyi    23920     1 43 15:50 ?        01:08:21 perl ./get.pl
Sun Aug 20 18:28:01 CEST 2017 get.pl is running:
UID        PID  PPID  C STIME TTY          TIME CMD
sanyi    23920     1 43 15:50 ?        01:09:04 perl ./get.pl
Sun Aug 20 18:29:01 CEST 2017 get.pl is running:
UID        PID  PPID  C STIME TTY          TIME CMD
sanyi    23920     1 43 15:50 ?        01:09:47 perl ./get.pl
Sun Aug 20 18:30:01 CEST 2017 get.pl is running:
UID        PID  PPID  C STIME TTY          TIME CMD
sanyi    23920     1 43 15:50 ?        01:10:18 perl ./get.pl
Sun Aug 20 18:31:01 CEST 2017 get.pl is running:
UID        PID  PPID  C STIME TTY          TIME CMD
sanyi    23920     1 43 15:50 ?        01:10:18 perl ./get.pl
Sun Aug 20 18:32:01 CEST 2017 get.pl is running:
UID        PID  PPID  C STIME TTY          TIME CMD
sanyi    23920     1 43 15:50 ?        01:10:18 perl ./get.pl
Sun Aug 20 18:33:01 CEST 2017 get.pl is running:
UID        PID  PPID  C STIME TTY          TIME CMD
sanyi    23920     1 43 15:50 ?        01:10:25 perl ./get.pl
Sun Aug 20 18:34:01 CEST 2017 get.pl is running:
UID        PID  PPID  C STIME TTY          TIME CMD
sanyi    23920     1 43 15:50 ?        01:11:12 perl ./get.pl
Sun Aug 20 18:35:01 CEST 2017 get.pl is running:
UID        PID  PPID  C STIME TTY          TIME CMD
sanyi    23920     1 43 15:50 ?        01:11:54 perl ./get.pl
Sun Aug 20 18:36:01 CEST 2017 get.pl is running:
UID        PID  PPID  C STIME TTY          TIME CMD
sanyi    23920     1 43 15:50 ?        01:12:40 perl ./get.pl
Sun Aug 20 18:37:01 CEST 2017 get.pl is running:
UID        PID  PPID  C STIME TTY          TIME CMD
sanyi    23920     1 43 15:50 ?        01:13:23 perl ./get.pl
Sun Aug 20 18:38:01 CEST 2017 get.pl is running:
UID        PID  PPID  C STIME TTY          TIME CMD
sanyi    23920     1 43 15:50 ?        01:13:48 perl ./get.pl
Sun Aug 20 18:39:01 CEST 2017 get.pl is running:
UID        PID  PPID  C STIME TTY          TIME CMD
sanyi    23920     1 43 15:50 ?        01:13:48 perl ./get.pl
Sun Aug 20 18:40:01 CEST 2017 get.pl is running:
UID        PID  PPID  C STIME TTY          TIME CMD
sanyi    23920     1 43 15:50 ?        01:13:48 perl ./get.pl
Sun Aug 20 18:41:01 CEST 2017 get.pl is running:
UID        PID  PPID  C STIME TTY          TIME CMD
sanyi    23920     1 43 15:50 ?        01:13:56 perl ./get.pl
Sun Aug 20 18:42:01 CEST 2017 get.pl is running:
UID        PID  PPID  C STIME TTY          TIME CMD
sanyi    23920     1 43 15:50 ?        01:14:42 perl ./get.pl
Sun Aug 20 18:43:01 CEST 2017 get.pl is running:
UID        PID  PPID  C STIME TTY          TIME CMD
sanyi    23920     1 43 15:50 ?        01:15:24 perl ./get.pl
Sun Aug 20 18:44:01 CEST 2017 get.pl is running:
UID        PID  PPID  C STIME TTY          TIME CMD
sanyi    23920     1 43 15:50 ?        01:16:11 perl ./get.pl
Sun Aug 20 18:45:01 CEST 2017 get.pl is running:
UID        PID  PPID  C STIME TTY          TIME CMD
sanyi    23920     1 43 15:50 ?        01:16:56 perl ./get.pl
Sun Aug 20 18:46:01 CEST 2017 get.pl is running:
UID        PID  PPID  C STIME TTY          TIME CMD
sanyi    23920     1 43 15:50 ?        01:17:19 perl ./get.pl
Sun Aug 20 18:47:01 CEST 2017 get.pl is running:
UID        PID  PPID  C STIME TTY          TIME CMD
sanyi    23920     1 43 15:50 ?        01:17:19 perl ./get.pl
Sun Aug 20 18:48:02 CEST 2017 get.pl is running:
UID        PID  PPID  C STIME TTY          TIME CMD
sanyi    23920     1 43 15:50 ?        01:17:19 perl ./get.pl
Sun Aug 20 18:49:01 CEST 2017 get.pl is running:
UID        PID  PPID  C STIME TTY          TIME CMD
sanyi    23920     1 43 15:50 ?        01:17:27 perl ./get.pl
Sun Aug 20 18:50:01 CEST 2017 get.pl is running:
UID        PID  PPID  C STIME TTY          TIME CMD
sanyi    23920     1 43 15:50 ?        01:18:11 perl ./get.pl
Sun Aug 20 18:51:01 CEST 2017 get.pl is running:
UID        PID  PPID  C STIME TTY          TIME CMD
sanyi    23920     1 43 15:50 ?        01:18:51 perl ./get.pl
Sun Aug 20 18:52:01 CEST 2017 get.pl is running:
UID        PID  PPID  C STIME TTY          TIME CMD
sanyi    23920     1 43 15:50 ?        01:19:35 perl ./get.pl
Sun Aug 20 18:53:02 CEST 2017 get.pl is running:
UID        PID  PPID  C STIME TTY          TIME CMD
sanyi    23920     1 43 15:50 ?        01:20:17 perl ./get.pl
Sun Aug 20 18:54:01 CEST 2017 get.pl is running:
UID        PID  PPID  C STIME TTY          TIME CMD
sanyi    23920     1 43 15:50 ?        01:20:49 perl ./get.pl
Sun Aug 20 18:55:01 CEST 2017 get.pl is running:
UID        PID  PPID  C STIME TTY          TIME CMD
sanyi    23920     1 43 15:50 ?        01:20:49 perl ./get.pl
Sun Aug 20 18:56:01 CEST 2017 get.pl is running:
UID        PID  PPID  C STIME TTY          TIME CMD
sanyi    23920     1 43 15:50 ?        01:20:49 perl ./get.pl
Sun Aug 20 18:57:01 CEST 2017 get.pl is running:
UID        PID  PPID  C STIME TTY          TIME CMD
sanyi    23920     1 43 15:50 ?        01:20:57 perl ./get.pl
Sun Aug 20 18:58:01 CEST 2017 get.pl is running:
UID        PID  PPID  C STIME TTY          TIME CMD
sanyi    23920     1 43 15:50 ?        01:21:43 perl ./get.pl
Sun Aug 20 18:59:01 CEST 2017 get.pl is running:
UID        PID  PPID  C STIME TTY          TIME CMD
sanyi    23920     1 43 15:50 ?        01:22:25 perl ./get.pl
Sun Aug 20 19:00:01 CEST 2017 get.pl is running:
UID        PID  PPID  C STIME TTY          TIME CMD
sanyi    23920     1 43 15:50 ?        01:23:09 perl ./get.pl
Sun Aug 20 19:01:01 CEST 2017 get.pl is running:
UID        PID  PPID  C STIME TTY          TIME CMD
sanyi    23920     1 43 15:50 ?        01:23:46 perl ./get.pl
Sun Aug 20 19:02:01 CEST 2017 get.pl is running:
UID        PID  PPID  C STIME TTY          TIME CMD
sanyi    23920     1 43 15:50 ?        01:24:18 perl ./get.pl
Sun Aug 20 19:03:01 CEST 2017 get.pl is running:
UID        PID  PPID  C STIME TTY          TIME CMD
sanyi    23920     1 43 15:50 ?        01:24:18 perl ./get.pl
Sun Aug 20 19:04:01 CEST 2017 get.pl is running:
UID        PID  PPID  C STIME TTY          TIME CMD
sanyi    23920     1 43 15:50 ?        01:24:18 perl ./get.pl
Sun Aug 20 19:05:01 CEST 2017 get.pl is running:
UID        PID  PPID  C STIME TTY          TIME CMD
sanyi    23920     1 43 15:50 ?        01:24:27 perl ./get.pl
Sun Aug 20 19:06:01 CEST 2017 get.pl is running:
UID        PID  PPID  C STIME TTY          TIME CMD
sanyi    23920     1 43 15:50 ?        01:25:12 perl ./get.pl
Sun Aug 20 19:07:01 CEST 2017 get.pl is running:
UID        PID  PPID  C STIME TTY          TIME CMD
sanyi    23920     1 43 15:50 ?        01:25:55 perl ./get.pl
Sun Aug 20 19:08:01 CEST 2017 get.pl is running:
UID        PID  PPID  C STIME TTY          TIME CMD
sanyi    23920     1 43 15:50 ?        01:26:40 perl ./get.pl
Sun Aug 20 19:09:01 CEST 2017 get.pl is running:
UID        PID  PPID  C STIME TTY          TIME CMD
sanyi    23920     1 43 15:50 ?        01:27:25 perl ./get.pl
Sun Aug 20 19:10:01 CEST 2017 get.pl is running:
UID        PID  PPID  C STIME TTY          TIME CMD
sanyi    23920     1 43 15:50 ?        01:27:48 perl ./get.pl
Sun Aug 20 19:11:01 CEST 2017 get.pl is running:
UID        PID  PPID  C STIME TTY          TIME CMD
sanyi    23920     1 43 15:50 ?        01:27:48 perl ./get.pl
Sun Aug 20 19:12:01 CEST 2017 get.pl is running:
UID        PID  PPID  C STIME TTY          TIME CMD
sanyi    23920     1 43 15:50 ?        01:27:48 perl ./get.pl
Sun Aug 20 19:13:01 CEST 2017 get.pl is running:
UID        PID  PPID  C STIME TTY          TIME CMD
sanyi    23920     1 43 15:50 ?        01:27:59 perl ./get.pl
Sun Aug 20 19:14:01 CEST 2017 get.pl is running:
UID        PID  PPID  C STIME TTY          TIME CMD
sanyi    23920     1 43 15:50 ?        01:28:45 perl ./get.pl
Sun Aug 20 19:15:01 CEST 2017 get.pl is running:
UID        PID  PPID  C STIME TTY          TIME CMD
sanyi    23920     1 43 15:50 ?        01:29:27 perl ./get.pl
Sun Aug 20 19:16:01 CEST 2017 get.pl is running:
UID        PID  PPID  C STIME TTY          TIME CMD
sanyi    23920     1 43 15:50 ?        01:30:11 perl ./get.pl
Sun Aug 20 19:17:01 CEST 2017 get.pl is running:
UID        PID  PPID  C STIME TTY          TIME CMD
sanyi    23920     1 43 15:50 ?        01:30:56 perl ./get.pl
Sun Aug 20 19:18:01 CEST 2017 get.pl is running:
UID        PID  PPID  C STIME TTY          TIME CMD
sanyi    23920     1 43 15:50 ?        01:31:22 perl ./get.pl
Sun Aug 20 19:19:01 CEST 2017 get.pl is running:
UID        PID  PPID  C STIME TTY          TIME CMD
sanyi    23920     1 43 15:50 ?        01:31:22 perl ./get.pl
Sun Aug 20 19:20:01 CEST 2017 get.pl is running:
UID        PID  PPID  C STIME TTY          TIME CMD
sanyi    23920     1 43 15:50 ?        01:31:22 perl ./get.pl
Sun Aug 20 19:21:01 CEST 2017 get.pl is running:
UID        PID  PPID  C STIME TTY          TIME CMD
sanyi    23920     1 43 15:50 ?        01:31:32 perl ./get.pl
Sun Aug 20 19:22:01 CEST 2017 get.pl is running:
UID        PID  PPID  C STIME TTY          TIME CMD
sanyi    23920     1 43 15:50 ?        01:32:17 perl ./get.pl
Sun Aug 20 19:23:01 CEST 2017 get.pl is running:
UID        PID  PPID  C STIME TTY          TIME CMD
sanyi    23920     1 43 15:50 ?        01:32:56 perl ./get.pl
Sun Aug 20 19:24:01 CEST 2017 get.pl is running:
UID        PID  PPID  C STIME TTY          TIME CMD
sanyi    23920     1 43 15:50 ?        01:33:39 perl ./get.pl
Sun Aug 20 19:25:01 CEST 2017 get.pl is running:
UID        PID  PPID  C STIME TTY          TIME CMD
sanyi    23920     1 43 15:50 ?        01:34:23 perl ./get.pl
Sun Aug 20 19:26:01 CEST 2017 get.pl is running:
UID        PID  PPID  C STIME TTY          TIME CMD
sanyi    23920     1 43 15:50 ?        01:34:57 perl ./get.pl
Sun Aug 20 19:27:01 CEST 2017 get.pl is running:
UID        PID  PPID  C STIME TTY          TIME CMD
sanyi    23920     1 43 15:50 ?        01:34:57 perl ./get.pl
Sun Aug 20 19:28:01 CEST 2017 get.pl is running:
UID        PID  PPID  C STIME TTY          TIME CMD
sanyi    23920     1 43 15:50 ?        01:34:57 perl ./get.pl
Sun Aug 20 19:29:01 CEST 2017 get.pl is running:
UID        PID  PPID  C STIME TTY          TIME CMD
sanyi    23920     1 43 15:50 ?        01:35:07 perl ./get.pl
Sun Aug 20 19:30:01 CEST 2017 get.pl is running:
UID        PID  PPID  C STIME TTY          TIME CMD
sanyi    23920     1 43 15:50 ?        01:35:52 perl ./get.pl
Sun Aug 20 19:31:01 CEST 2017 get.pl is running:
UID        PID  PPID  C STIME TTY          TIME CMD
sanyi    23920     1 43 15:50 ?        01:36:33 perl ./get.pl
Sun Aug 20 19:32:01 CEST 2017 get.pl is running:
UID        PID  PPID  C STIME TTY          TIME CMD
sanyi    23920     1 43 15:50 ?        01:37:18 perl ./get.pl
Sun Aug 20 19:33:01 CEST 2017 get.pl is running:
UID        PID  PPID  C STIME TTY          TIME CMD
sanyi    23920     1 43 15:50 ?        01:38:02 perl ./get.pl
Sun Aug 20 19:34:01 CEST 2017 get.pl is running:
UID        PID  PPID  C STIME TTY          TIME CMD
sanyi    23920     1 44 15:50 ?        01:38:33 perl ./get.pl
Sun Aug 20 19:35:01 CEST 2017 get.pl is running:
UID        PID  PPID  C STIME TTY          TIME CMD
sanyi    23920     1 43 15:50 ?        01:38:33 perl ./get.pl
Sun Aug 20 19:36:01 CEST 2017 get.pl is running:
UID        PID  PPID  C STIME TTY          TIME CMD
sanyi    23920     1 43 15:50 ?        01:38:33 perl ./get.pl
Sun Aug 20 19:37:01 CEST 2017 get.pl is running:
UID        PID  PPID  C STIME TTY          TIME CMD
sanyi    23920     1 43 15:50 ?        01:38:45 perl ./get.pl
Sun Aug 20 19:38:01 CEST 2017 get.pl is running:
UID        PID  PPID  C STIME TTY          TIME CMD
sanyi    23920     1 43 15:50 ?        01:39:28 perl ./get.pl
Sun Aug 20 19:39:01 CEST 2017 get.pl is running:
UID        PID  PPID  C STIME TTY          TIME CMD
sanyi    23920     1 43 15:50 ?        01:40:12 perl ./get.pl
Sun Aug 20 19:40:01 CEST 2017 get.pl is running:
UID        PID  PPID  C STIME TTY          TIME CMD
sanyi    23920     1 43 15:50 ?        01:40:58 perl ./get.pl
Sun Aug 20 19:41:01 CEST 2017 get.pl is running:
UID        PID  PPID  C STIME TTY          TIME CMD
sanyi    23920     1 43 15:50 ?        01:41:34 perl ./get.pl
Sun Aug 20 19:42:01 CEST 2017 get.pl is running:
UID        PID  PPID  C STIME TTY          TIME CMD
sanyi    23920     1 44 15:50 ?        01:42:09 perl ./get.pl
Sun Aug 20 19:43:01 CEST 2017 get.pl is running:
UID        PID  PPID  C STIME TTY          TIME CMD
sanyi    23920     1 43 15:50 ?        01:42:09 perl ./get.pl
Sun Aug 20 19:44:01 CEST 2017 get.pl is running:
UID        PID  PPID  C STIME TTY          TIME CMD
sanyi    23920     1 43 15:50 ?        01:42:09 perl ./get.pl
Sun Aug 20 19:45:01 CEST 2017 get.pl is running:
UID        PID  PPID  C STIME TTY          TIME CMD
sanyi    23920     1 43 15:50 ?        01:42:20 perl ./get.pl
Sun Aug 20 19:46:01 CEST 2017 get.pl is running:
UID        PID  PPID  C STIME TTY          TIME CMD
sanyi    23920     1 43 15:50 ?        01:43:03 perl ./get.pl
Sun Aug 20 19:47:01 CEST 2017 get.pl is running:
UID        PID  PPID  C STIME TTY          TIME CMD
sanyi    23920     1 43 15:50 ?        01:43:44 perl ./get.pl
Sun Aug 20 19:48:01 CEST 2017 get.pl is running:
UID        PID  PPID  C STIME TTY          TIME CMD
sanyi    23920     1 43 15:50 ?        01:44:28 perl ./get.pl
Sun Aug 20 19:49:01 CEST 2017 get.pl is running:
UID        PID  PPID  C STIME TTY          TIME CMD
sanyi    23920     1 44 15:50 ?        01:45:10 perl ./get.pl
Sun Aug 20 19:50:01 CEST 2017 get.pl is running:
UID        PID  PPID  C STIME TTY          TIME CMD
sanyi    23920     1 44 15:50 ?        01:45:42 perl ./get.pl
Sun Aug 20 19:51:01 CEST 2017 get.pl is running:
UID        PID  PPID  C STIME TTY          TIME CMD
sanyi    23920     1 43 15:50 ?        01:45:42 perl ./get.pl
Sun Aug 20 19:52:01 CEST 2017 get.pl is running:
UID        PID  PPID  C STIME TTY          TIME CMD
sanyi    23920     1 43 15:50 ?        01:45:42 perl ./get.pl
Sun Aug 20 19:53:01 CEST 2017 get.pl is running:
UID        PID  PPID  C STIME TTY          TIME CMD
sanyi    23920     1 43 15:50 ?        01:45:55 perl ./get.pl
Sun Aug 20 19:54:01 CEST 2017 get.pl is running:
UID        PID  PPID  C STIME TTY          TIME CMD
sanyi    23920     1 43 15:50 ?        01:46:38 perl ./get.pl
Sun Aug 20 19:55:01 CEST 2017 get.pl is running:
UID        PID  PPID  C STIME TTY          TIME CMD
sanyi    23920     1 43 15:50 ?        01:47:20 perl ./get.pl
Sun Aug 20 19:56:01 CEST 2017 get.pl is running:
UID        PID  PPID  C STIME TTY          TIME CMD
sanyi    23920     1 43 15:50 ?        01:48:04 perl ./get.pl
Sun Aug 20 19:57:01 CEST 2017 get.pl is running:
UID        PID  PPID  C STIME TTY          TIME CMD
sanyi    23920     1 44 15:50 ?        01:48:46 perl ./get.pl
Sun Aug 20 19:58:01 CEST 2017 get.pl is running:
UID        PID  PPID  C STIME TTY          TIME CMD
sanyi    23920     1 44 15:50 ?        01:49:15 perl ./get.pl
Sun Aug 20 19:59:01 CEST 2017 get.pl is running:
UID        PID  PPID  C STIME TTY          TIME CMD
sanyi    23920     1 43 15:50 ?        01:49:15 perl ./get.pl
Sun Aug 20 20:00:01 CEST 2017 get.pl is running:
UID        PID  PPID  C STIME TTY          TIME CMD
sanyi    23920     1 43 15:50 ?        01:49:15 perl ./get.pl
Sun Aug 20 20:01:01 CEST 2017 get.pl is running:
UID        PID  PPID  C STIME TTY          TIME CMD
sanyi    23920     1 43 15:50 ?        01:49:27 perl ./get.pl
Sun Aug 20 20:02:01 CEST 2017 get.pl is running:
UID        PID  PPID  C STIME TTY          TIME CMD
sanyi    23920     1 43 15:50 ?        01:50:11 perl ./get.pl
Sun Aug 20 20:03:01 CEST 2017 get.pl is running:
UID        PID  PPID  C STIME TTY          TIME CMD
sanyi    23920     1 43 15:50 ?        01:50:55 perl ./get.pl
Sun Aug 20 20:04:01 CEST 2017 get.pl is running:
UID        PID  PPID  C STIME TTY          TIME CMD
sanyi    23920     1 43 15:50 ?        01:51:36 perl ./get.pl
Sun Aug 20 20:05:01 CEST 2017 get.pl is running:
UID        PID  PPID  C STIME TTY          TIME CMD
sanyi    23920     1 44 15:50 ?        01:52:19 perl ./get.pl
Sun Aug 20 20:06:01 CEST 2017 get.pl is running:
UID        PID  PPID  C STIME TTY          TIME CMD
sanyi    23920     1 44 15:50 ?        01:52:56 perl ./get.pl
                                                                                                                                                                   Mon Aug 21 08:36:01 CEST 2017 get.pl is not running, restart it
Mon Aug 21 08:36:27 CEST 2017 get.pl is running:
UID        PID  PPID  C STIME TTY          TIME CMD
sanyi     2083     1 59 08:36 ?        00:00:14 perl ./get.pl
Mon Aug 21 08:37:01 CEST 2017 get.pl is running:
UID        PID  PPID  C STIME TTY          TIME CMD
sanyi     2083     1 70 08:36 ?        00:00:42 perl ./get.pl
Mon Aug 21 08:38:01 CEST 2017 get.pl is running:
UID        PID  PPID  C STIME TTY          TIME CMD
sanyi     2083     1 71 08:36 ?        00:01:24 perl ./get.pl
sanyi     2211  1990 10 08:37 pts/0    00:00:02 vim get.pl
Mon Aug 21 08:39:01 CEST 2017 get.pl is running:
UID        PID  PPID  C STIME TTY          TIME CMD
sanyi     2083     1 74 08:36 ?        00:02:12 perl ./get.pl
Mon Aug 21 08:40:01 CEST 2017 get.pl is running:
UID        PID  PPID  C STIME TTY          TIME CMD
sanyi     2083     1 74 08:36 ?        00:02:59 perl ./get.pl
sanyi     2273  1990  0 08:39 pts/0    00:00:00 tail -f c.txt data.dat get.cfg.pl get.log get.pl input.zip mails readme.md test.log watch.log watch.sh
Mon Aug 21 08:41:01 CEST 2017 get.pl is running:
UID        PID  PPID  C STIME TTY          TIME CMD
sanyi     2357  1990  0 08:40 pts/0    00:00:00 tail -f c.txt data.dat get.cfg.pl get.log get.pl input.zip mails readme.md test.log watch.log watch.sh
Mon Aug 21 08:42:01 CEST 2017 get.pl is not running, restart it
Mon Aug 21 08:43:01 CEST 2017 get.pl is running:
UID        PID  PPID  C STIME TTY          TIME CMD
sanyi     2433     1 77 08:42 ?        00:00:46 perl ./get.pl
Mon Aug 21 08:44:01 CEST 2017 get.pl is not running, restart it
Mon Aug 21 08:45:01 CEST 2017 get.pl is not running, restart it
Mon Aug 21 08:46:01 CEST 2017 get.pl is running:
UID        PID  PPID  C STIME TTY          TIME CMD
sanyi     2553     1 74 08:45 ?        00:00:45 perl ./get.pl
Mon Aug 21 08:47:02 CEST 2017 get.pl is running:
UID        PID  PPID  C STIME TTY          TIME CMD
sanyi     2553     1 75 08:45 ?        00:01:31 perl ./get.pl
Mon Aug 21 08:48:01 CEST 2017 get.pl is running:
UID        PID  PPID  C STIME TTY          TIME CMD
sanyi     2553     1 77 08:45 ?        00:02:19 perl ./get.pl
Mon Aug 21 08:49:01 CEST 2017 get.pl is running:
UID        PID  PPID  C STIME TTY          TIME CMD
sanyi     2553     1 77 08:45 ?        00:03:05 perl ./get.pl
